{"meta": {"format": 3, "version": "7.14.0", "timestamp": "2026-05-20T18:29:43.949229", "branch_coverage": false, "show_contexts": false}, "files": {"src/__init__.py": {"executed_lines": [], "summary": {"covered_lines": 0, "num_statements": 0, "percent_covered": 100.0, "percent_covered_display": "100", "missing_lines": 0, "excluded_lines": 0, "percent_statements_covered": 100.0, "percent_statements_covered_display": "100"}, "missing_lines": [], "excluded_lines": [], "functions": {"": {"executed_lines": [], "summary": {"covered_lines": 0, "num_statements": 0, "percent_covered": 100.0, "percent_covered_display": "100", "missing_lines": 0, "excluded_lines": 0, "percent_statements_covered": 100.0, "percent_statements_covered_display": "100"}, "missing_lines": [], "excluded_lines": [], "start_line": 1}}, "classes": {"": {"executed_lines": [], "summary": {"covered_lines": 0, "num_statements": 0, "percent_covered": 100.0, "percent_covered_display": "100", "missing_lines": 0, "excluded_lines": 0, "percent_statements_covered": 100.0, "percent_statements_covered_display": "100"}, "missing_lines": [], "excluded_lines": [], "start_line": 1}}}, "src/core/__init__.py": {"executed_lines": [], "summary": {"covered_lines": 0, "num_statements": 0, "percent_covered": 100.0, "percent_covered_display": "100", "missing_lines": 0, "excluded_lines": 0, "percent_statements_covered": 100.0, "percent_statements_covered_display": "100"}, "missing_lines": [], "excluded_lines": [], "functions": {"": {"executed_lines": [], "summary": {"covered_lines": 0, "num_statements": 0, "percent_covered": 100.0, "percent_covered_display": "100", "missing_lines": 0, "excluded_lines": 0, "percent_statements_covered": 100.0, "percent_statements_covered_display": "100"}, "missing_lines": [], "excluded_lines": [], "start_line": 1}}, "classes": {"": {"executed_lines": [], "summary": {"covered_lines": 0, "num_statements": 0, "percent_covered": 100.0, "percent_covered_display": "100", "missing_lines": 0, "excluded_lines": 0, "percent_statements_covered": 100.0, "percent_statements_covered_display": "100"}, "missing_lines": [], "excluded_lines": [], "start_line": 1}}}, "src/core/base_llm.py": {"executed_lines": [2, 4, 5, 6, 7, 9, 12, 13, 16, 17, 20, 21, 24, 25, 26, 27, 28, 31, 32, 35, 36, 37, 38, 39, 40, 43, 46, 47, 48, 52, 53, 56, 57, 62, 63, 66, 67, 72, 74, 75, 77, 78, 79], "summary": {"covered_lines": 43, "num_statements": 44, "percent_covered": 97.72727272727273, "percent_covered_display": "98", "missing_lines": 1, "excluded_lines": 2, "percent_statements_covered": 97.72727272727273, "percent_statements_covered_display": "98"}, "missing_lines": [76], "excluded_lines": [81, 82], "functions": {"BaseLLM.__init__": {"executed_lines": [47, 48], "summary": {"covered_lines": 2, "num_statements": 2, "percent_covered": 100.0, "percent_covered_display": "100", "missing_lines": 0, "excluded_lines": 0, "percent_statements_covered": 100.0, "percent_statements_covered_display": "100"}, "missing_lines": [], "excluded_lines": [], "start_line": 46}, "BaseLLM.complete": {"executed_lines": [], "summary": {"covered_lines": 0, "num_statements": 0, "percent_covered": 100.0, "percent_covered_display": "100", "missing_lines": 0, "excluded_lines": 0, "percent_statements_covered": 100.0, "percent_statements_covered_display": "100"}, "missing_lines": [], "excluded_lines": [], "start_line": 53}, "BaseLLM.stream": {"executed_lines": [], "summary": {"covered_lines": 0, "num_statements": 0, "percent_covered": 100.0, "percent_covered_display": "100", "missing_lines": 0, "excluded_lines": 0, "percent_statements_covered": 100.0, "percent_statements_covered_display": "100"}, "missing_lines": [], "excluded_lines": [], "start_line": 57}, "BaseLLM.acomplete": {"executed_lines": [], "summary": {"covered_lines": 0, "num_statements": 0, "percent_covered": 100.0, "percent_covered_display": "100", "missing_lines": 0, "excluded_lines": 0, "percent_statements_covered": 100.0, "percent_statements_covered_display": "100"}, "missing_lines": [], "excluded_lines": [], "start_line": 63}, "BaseLLM.astream": {"executed_lines": [], "summary": {"covered_lines": 0, "num_statements": 0, "percent_covered": 100.0, "percent_covered_display": "100", "missing_lines": 0, "excluded_lines": 0, "percent_statements_covered": 100.0, "percent_statements_covered_display": "100"}, "missing_lines": [], "excluded_lines": [], "start_line": 67}, "BaseLLM.chat": {"executed_lines": [74, 75, 77, 78, 79], "summary": {"covered_lines": 5, "num_statements": 6, "percent_covered": 83.33333333333333, "percent_covered_display": "83", "missing_lines": 1, "excluded_lines": 0, "percent_statements_covered": 83.33333333333333, "percent_statements_covered_display": "83"}, "missing_lines": [76], "excluded_lines": [], "start_line": 72}, "BaseLLM.__repr__": {"executed_lines": [], "summary": {"covered_lines": 0, "num_statements": 0, "percent_covered": 100.0, "percent_covered_display": "100", "missing_lines": 0, "excluded_lines": 1, "percent_statements_covered": 100.0, "percent_statements_covered_display": "100"}, "missing_lines": [], "excluded_lines": [82], "start_line": 81}, "": {"executed_lines": [2, 4, 5, 6, 7, 9, 12, 13, 16, 17, 20, 21, 24, 25, 26, 27, 28, 31, 32, 35, 36, 37, 38, 39, 40, 43, 46, 52, 53, 56, 57, 62, 63, 66, 67, 72], "summary": {"covered_lines": 36, "num_statements": 36, "percent_covered": 100.0, "percent_covered_display": "100", "missing_lines": 0, "excluded_lines": 1, "percent_statements_covered": 100.0, "percent_statements_covered_display": "100"}, "missing_lines": [], "excluded_lines": [81], "start_line": 1}}, "classes": {"Message": {"executed_lines": [], "summary": {"covered_lines": 0, "num_statements": 0, "percent_covered": 100.0, "percent_covered_display": "100", "missing_lines": 0, "excluded_lines": 0, "percent_statements_covered": 100.0, "percent_statements_covered_display": "100"}, "missing_lines": [], "excluded_lines": [], "start_line": 13}, "LLMResponse": {"executed_lines": [], "summary": {"covered_lines": 0, "num_statements": 0, "percent_covered": 100.0, "percent_covered_display": "100", "missing_lines": 0, "excluded_lines": 0, "percent_statements_covered": 100.0, "percent_statements_covered_display": "100"}, "missing_lines": [], "excluded_lines": [], "start_line": 21}, "LLMConfig": {"executed_lines": [], "summary": {"covered_lines": 0, "num_statements": 0, "percent_covered": 100.0, "percent_covered_display": "100", "missing_lines": 0, "excluded_lines": 0, "percent_statements_covered": 100.0, "percent_statements_covered_display": "100"}, "missing_lines": [], "excluded_lines": [], "start_line": 32}, "BaseLLM": {"executed_lines": [47, 48, 74, 75, 77, 78, 79], "summary": {"covered_lines": 7, "num_statements": 8, "percent_covered": 87.5, "percent_covered_display": "88", "missing_lines": 1, "excluded_lines": 1, "percent_statements_covered": 87.5, "percent_statements_covered_display": "88"}, "missing_lines": [76], "excluded_lines": [82], "start_line": 43}, "": {"executed_lines": [2, 4, 5, 6, 7, 9, 12, 13, 16, 17, 20, 21, 24, 25, 26, 27, 28, 31, 32, 35, 36, 37, 38, 39, 40, 43, 46, 52, 53, 56, 57, 62, 63, 66, 67, 72], "summary": {"covered_lines": 36, "num_statements": 36, "percent_covered": 100.0, "percent_covered_display": "100", "missing_lines": 0, "excluded_lines": 1, "percent_statements_covered": 100.0, "percent_statements_covered_display": "100"}, "missing_lines": [], "excluded_lines": [81], "start_line": 1}}}, "src/core/bedrock_client.py": {"executed_lines": [2, 4, 5, 7, 9, 13, 20, 21, 22, 23, 24, 26, 29, 32, 68, 77, 78, 79, 89, 90, 97, 98, 99, 100, 105, 107, 108, 114, 116, 117, 123, 124, 126, 130, 131, 135, 136, 137, 141, 142, 145, 147, 152, 153, 155, 157, 158, 159, 161, 173, 174, 175, 177, 182, 183, 185, 186, 187, 188, 189, 190, 191, 196, 197, 199, 200, 202, 203, 205, 206, 209, 210], "summary": {"covered_lines": 72, "num_statements": 72, "percent_covered": 100.0, "percent_covered_display": "100", "missing_lines": 0, "excluded_lines": 0, "percent_statements_covered": 100.0, "percent_statements_covered_display": "100"}, "missing_lines": [], "excluded_lines": [], "functions": {"_to_bedrock_messages": {"executed_lines": [20, 21, 22, 23, 24, 26, 29], "summary": {"covered_lines": 7, "num_statements": 7, "percent_covered": 100.0, "percent_covered_display": "100", "missing_lines": 0, "excluded_lines": 0, "percent_statements_covered": 100.0, "percent_statements_covered_display": "100"}, "missing_lines": [], "excluded_lines": [], "start_line": 13}, "BedrockClient.__init__": {"executed_lines": [77, 78, 79], "summary": {"covered_lines": 3, "num_statements": 3, "percent_covered": 100.0, "percent_covered_display": "100", "missing_lines": 0, "excluded_lines": 0, "percent_statements_covered": 100.0, "percent_statements_covered_display": "100"}, "missing_lines": [], "excluded_lines": [], "start_line": 68}, "BedrockClient._build_boto_client": {"executed_lines": [97, 98, 99, 100, 105, 107, 108, 114, 116, 117, 123, 124, 126], "summary": {"covered_lines": 13, "num_statements": 13, "percent_covered": 100.0, "percent_covered_display": "100", "missing_lines": 0, "excluded_lines": 0, "percent_statements_covered": 100.0, "percent_statements_covered_display": "100"}, "missing_lines": [], "excluded_lines": [], "start_line": 90}, "BedrockClient._inference_config": {"executed_lines": [131, 135, 136, 137], "summary": {"covered_lines": 4, "num_statements": 4, "percent_covered": 100.0, "percent_covered_display": "100", "missing_lines": 0, "excluded_lines": 0, "percent_statements_covered": 100.0, "percent_statements_covered_display": "100"}, "missing_lines": [], "excluded_lines": [], "start_line": 130}, "BedrockClient.complete": {"executed_lines": [142, 145, 147, 152, 153, 155, 157, 158, 159, 161], "summary": {"covered_lines": 10, "num_statements": 10, "percent_covered": 100.0, "percent_covered_display": "100", "missing_lines": 0, "excluded_lines": 0, "percent_statements_covered": 100.0, "percent_statements_covered_display": "100"}, "missing_lines": [], "excluded_lines": [], "start_line": 141}, "BedrockClient.stream": {"executed_lines": [174, 175, 177, 182, 183, 185, 186, 187, 188, 189, 190, 191], "summary": {"covered_lines": 12, "num_statements": 12, "percent_covered": 100.0, "percent_covered_display": "100", "missing_lines": 0, "excluded_lines": 0, "percent_statements_covered": 100.0, "percent_statements_covered_display": "100"}, "missing_lines": [], "excluded_lines": [], "start_line": 173}, "BedrockClient.acomplete": {"executed_lines": [197, 199, 200], "summary": {"covered_lines": 3, "num_statements": 3, "percent_covered": 100.0, "percent_covered_display": "100", "missing_lines": 0, "excluded_lines": 0, "percent_statements_covered": 100.0, "percent_statements_covered_display": "100"}, "missing_lines": [], "excluded_lines": [], "start_line": 196}, "BedrockClient.astream": {"executed_lines": [203, 205, 206, 209, 210], "summary": {"covered_lines": 5, "num_statements": 5, "percent_covered": 100.0, "percent_covered_display": "100", "missing_lines": 0, "excluded_lines": 0, "percent_statements_covered": 100.0, "percent_statements_covered_display": "100"}, "missing_lines": [], "excluded_lines": [], "start_line": 202}, "": {"executed_lines": [2, 4, 5, 7, 9, 13, 32, 68, 89, 90, 130, 141, 173, 196, 202], "summary": {"covered_lines": 15, "num_statements": 15, "percent_covered": 100.0, "percent_covered_display": "100", "missing_lines": 0, "excluded_lines": 0, "percent_statements_covered": 100.0, "percent_statements_covered_display": "100"}, "missing_lines": [], "excluded_lines": [], "start_line": 1}}, "classes": {"BedrockClient": {"executed_lines": [77, 78, 79, 97, 98, 99, 100, 105, 107, 108, 114, 116, 117, 123, 124, 126, 131, 135, 136, 137, 142, 145, 147, 152, 153, 155, 157, 158, 159, 161, 174, 175, 177, 182, 183, 185, 186, 187, 188, 189, 190, 191, 197, 199, 200, 203, 205, 206, 209, 210], "summary": {"covered_lines": 50, "num_statements": 50, "percent_covered": 100.0, "percent_covered_display": "100", "missing_lines": 0, "excluded_lines": 0, "percent_statements_covered": 100.0, "percent_statements_covered_display": "100"}, "missing_lines": [], "excluded_lines": [], "start_line": 32}, "": {"executed_lines": [2, 4, 5, 7, 9, 13, 20, 21, 22, 23, 24, 26, 29, 32, 68, 89, 90, 130, 141, 173, 196, 202], "summary": {"covered_lines": 22, "num_statements": 22, "percent_covered": 100.0, "percent_covered_display": "100", "missing_lines": 0, "excluded_lines": 0, "percent_statements_covered": 100.0, "percent_statements_covered_display": "100"}, "missing_lines": [], "excluded_lines": [], "start_line": 1}}}, "src/core/claude_client.py": {"executed_lines": [2, 4, 5, 7, 9, 11, 13, 16, 18, 19, 20, 21, 22, 24, 25, 28, 31, 32, 34, 35, 39, 40, 41, 42, 48, 51, 52, 63, 64, 65, 66, 72, 73, 75, 76, 77, 81, 82, 83, 84, 90, 93, 94, 105, 106, 107, 108, 114, 117, 118, 119], "summary": {"covered_lines": 51, "num_statements": 54, "percent_covered": 94.44444444444444, "percent_covered_display": "94", "missing_lines": 3, "excluded_lines": 0, "percent_statements_covered": 94.44444444444444, "percent_statements_covered_display": "94"}, "missing_lines": [49, 91, 115], "excluded_lines": [], "functions": {"_split_system": {"executed_lines": [18, 19, 20, 21, 22, 24, 25], "summary": {"covered_lines": 7, "num_statements": 7, "percent_covered": 100.0, "percent_covered_display": "100", "missing_lines": 0, "excluded_lines": 0, "percent_statements_covered": 100.0, "percent_statements_covered_display": "100"}, "missing_lines": [], "excluded_lines": [], "start_line": 16}, "ClaudeClient.__init__": {"executed_lines": [32, 34, 35], "summary": {"covered_lines": 3, "num_statements": 3, "percent_covered": 100.0, "percent_covered_display": "100", "missing_lines": 0, "excluded_lines": 0, "percent_statements_covered": 100.0, "percent_statements_covered_display": "100"}, "missing_lines": [], "excluded_lines": [], "start_line": 31}, "ClaudeClient.complete": {"executed_lines": [40, 41, 42, 48, 51, 52], "summary": {"covered_lines": 6, "num_statements": 7, "percent_covered": 85.71428571428571, "percent_covered_display": "86", "missing_lines": 1, "excluded_lines": 0, "percent_statements_covered": 85.71428571428571, "percent_statements_covered_display": "86"}, "missing_lines": [49], "excluded_lines": [], "start_line": 39}, "ClaudeClient.stream": {"executed_lines": [64, 65, 66, 72, 73, 75, 76, 77], "summary": {"covered_lines": 8, "num_statements": 8, "percent_covered": 100.0, "percent_covered_display": "100", "missing_lines": 0, "excluded_lines": 0, "percent_statements_covered": 100.0, "percent_statements_covered_display": "100"}, "missing_lines": [], "excluded_lines": [], "start_line": 63}, "ClaudeClient.acomplete": {"executed_lines": [82, 83, 84, 90, 93, 94], "summary": {"covered_lines": 6, "num_statements": 7, "percent_covered": 85.71428571428571, "percent_covered_display": "86", "missing_lines": 1, "excluded_lines": 0, "percent_statements_covered": 85.71428571428571, "percent_statements_covered_display": "86"}, "missing_lines": [91], "excluded_lines": [], "start_line": 81}, "ClaudeClient.astream": {"executed_lines": [106, 107, 108, 114, 117, 118, 119], "summary": {"covered_lines": 7, "num_statements": 8, "percent_covered": 87.5, "percent_covered_display": "88", "missing_lines": 1, "excluded_lines": 0, "percent_statements_covered": 87.5, "percent_statements_covered_display": "88"}, "missing_lines": [115], "excluded_lines": [], "start_line": 105}, "": {"executed_lines": [2, 4, 5, 7, 9, 11, 13, 16, 28, 31, 39, 63, 81, 105], "summary": {"covered_lines": 14, "num_statements": 14, "percent_covered": 100.0, "percent_covered_display": "100", "missing_lines": 0, "excluded_lines": 0, "percent_statements_covered": 100.0, "percent_statements_covered_display": "100"}, "missing_lines": [], "excluded_lines": [], "start_line": 1}}, "classes": {"ClaudeClient": {"executed_lines": [32, 34, 35, 40, 41, 42, 48, 51, 52, 64, 65, 66, 72, 73, 75, 76, 77, 82, 83, 84, 90, 93, 94, 106, 107, 108, 114, 117, 118, 119], "summary": {"covered_lines": 30, "num_statements": 33, "percent_covered": 90.9090909090909, "percent_covered_display": "91", "missing_lines": 3, "excluded_lines": 0, "percent_statements_covered": 90.9090909090909, "percent_statements_covered_display": "91"}, "missing_lines": [49, 91, 115], "excluded_lines": [], "start_line": 28}, "": {"executed_lines": [2, 4, 5, 7, 9, 11, 13, 16, 18, 19, 20, 21, 22, 24, 25, 28, 31, 39, 63, 81, 105], "summary": {"covered_lines": 21, "num_statements": 21, "percent_covered": 100.0, "percent_covered_display": "100", "missing_lines": 0, "excluded_lines": 0, "percent_statements_covered": 100.0, "percent_statements_covered_display": "100"}, "missing_lines": [], "excluded_lines": [], "start_line": 1}}}, "src/core/document_analysis_pipeline.py": {"executed_lines": [2, 4, 5, 6, 7, 9, 10, 11, 12, 13, 14, 16, 19, 20, 28, 29, 30, 31, 32, 35, 36, 37, 40, 43, 44, 47, 50, 51, 54, 55, 56, 57, 60, 61, 64, 65, 66, 67, 68, 69, 70, 72, 73, 75, 76, 79, 99, 104, 105, 108, 109, 114, 117, 126, 132, 140, 150, 151, 154, 155, 156, 159, 160, 163, 164, 165, 168, 169, 170, 173, 174, 175, 178, 182, 183, 185, 186, 187, 189, 197, 199, 207, 214, 216, 226, 233, 234, 236, 237, 238, 239, 240, 242, 244, 245, 246, 247, 249, 250, 251, 253, 254, 256, 257, 258, 259, 260, 261, 262], "summary": {"covered_lines": 109, "num_statements": 109, "percent_covered": 100.0, "percent_covered_display": "100", "missing_lines": 0, "excluded_lines": 0, "percent_statements_covered": 100.0, "percent_statements_covered_display": "100"}, "missing_lines": [], "excluded_lines": [], "functions": {"AnalysisResult.to_dict": {"executed_lines": [73], "summary": {"covered_lines": 1, "num_statements": 1, "percent_covered": 100.0, "percent_covered_display": "100", "missing_lines": 0, "excluded_lines": 0, "percent_statements_covered": 100.0, "percent_statements_covered_display": "100"}, "missing_lines": [], "excluded_lines": [], "start_line": 72}, "AnalysisResult.to_json": {"executed_lines": [76], "summary": {"covered_lines": 1, "num_statements": 1, "percent_covered": 100.0, "percent_covered_display": "100", "missing_lines": 0, "excluded_lines": 0, "percent_statements_covered": 100.0, "percent_statements_covered_display": "100"}, "missing_lines": [], "excluded_lines": [], "start_line": 75}, "DocumentAnalysisPipeline.__init__": {"executed_lines": [104, 105, 108, 109, 114, 117, 126, 132], "summary": {"covered_lines": 8, "num_statements": 8, "percent_covered": 100.0, "percent_covered_display": "100", "missing_lines": 0, "excluded_lines": 0, "percent_statements_covered": 100.0, "percent_statements_covered_display": "100"}, "missing_lines": [], "excluded_lines": [], "start_line": 99}, "DocumentAnalysisPipeline.run": {"executed_lines": [150, 151, 154, 155, 156, 159, 160, 163, 164, 165, 168, 169, 170, 173, 174, 175, 178, 182, 183, 185, 186, 187, 189, 197, 199, 207, 214, 216], "summary": {"covered_lines": 28, "num_statements": 28, "percent_covered": 100.0, "percent_covered_display": "100", "missing_lines": 0, "excluded_lines": 0, "percent_statements_covered": 100.0, "percent_statements_covered_display": "100"}, "missing_lines": [], "excluded_lines": [], "start_line": 140}, "DocumentAnalysisPipeline.save_results": {"executed_lines": [233, 234, 236, 237, 238, 239, 240], "summary": {"covered_lines": 7, "num_statements": 7, "percent_covered": 100.0, "percent_covered_display": "100", "missing_lines": 0, "excluded_lines": 0, "percent_statements_covered": 100.0, "percent_statements_covered_display": "100"}, "missing_lines": [], "excluded_lines": [], "start_line": 226}, "DocumentAnalysisPipeline.print_results": {"executed_lines": [244, 245, 246, 247, 249, 250, 251, 253, 254, 256, 257, 258, 259, 260, 261, 262], "summary": {"covered_lines": 16, "num_statements": 16, "percent_covered": 100.0, "percent_covered_display": "100", "missing_lines": 0, "excluded_lines": 0, "percent_statements_covered": 100.0, "percent_statements_covered_display": "100"}, "missing_lines": [], "excluded_lines": [], "start_line": 242}, "": {"executed_lines": [2, 4, 5, 6, 7, 9, 10, 11, 12, 13, 14, 16, 19, 20, 28, 29, 30, 31, 32, 35, 36, 37, 40, 43, 44, 47, 50, 51, 54, 55, 56, 57, 60, 61, 64, 65, 66, 67, 68, 69, 70, 72, 75, 79, 99, 140, 226, 242], "summary": {"covered_lines": 48, "num_statements": 48, "percent_covered": 100.0, "percent_covered_display": "100", "missing_lines": 0, "excluded_lines": 0, "percent_statements_covered": 100.0, "percent_statements_covered_display": "100"}, "missing_lines": [], "excluded_lines": [], "start_line": 1}}, "classes": {"AnalysisConfig": {"executed_lines": [], "summary": {"covered_lines": 0, "num_statements": 0, "percent_covered": 100.0, "percent_covered_display": "100", "missing_lines": 0, "excluded_lines": 0, "percent_statements_covered": 100.0, "percent_statements_covered_display": "100"}, "missing_lines": [], "excluded_lines": [], "start_line": 20}, "PassageAnalysis": {"executed_lines": [], "summary": {"covered_lines": 0, "num_statements": 0, "percent_covered": 100.0, "percent_covered_display": "100", "missing_lines": 0, "excluded_lines": 0, "percent_statements_covered": 100.0, "percent_statements_covered_display": "100"}, "missing_lines": [], "excluded_lines": [], "start_line": 51}, "AnalysisResult": {"executed_lines": [73, 76], "summary": {"covered_lines": 2, "num_statements": 2, "percent_covered": 100.0, "percent_covered_display": "100", "missing_lines": 0, "excluded_lines": 0, "percent_statements_covered": 100.0, "percent_statements_covered_display": "100"}, "missing_lines": [], "excluded_lines": [], "start_line": 61}, "DocumentAnalysisPipeline": {"executed_lines": [104, 105, 108, 109, 114, 117, 126, 132, 150, 151, 154, 155, 156, 159, 160, 163, 164, 165, 168, 169, 170, 173, 174, 175, 178, 182, 183, 185, 186, 187, 189, 197, 199, 207, 214, 216, 233, 234, 236, 237, 238, 239, 240, 244, 245, 246, 247, 249, 250, 251, 253, 254, 256, 257, 258, 259, 260, 261, 262], "summary": {"covered_lines": 59, "num_statements": 59, "percent_covered": 100.0, "percent_covered_display": "100", "missing_lines": 0, "excluded_lines": 0, "percent_statements_covered": 100.0, "percent_statements_covered_display": "100"}, "missing_lines": [], "excluded_lines": [], "start_line": 79}, "": {"executed_lines": [2, 4, 5, 6, 7, 9, 10, 11, 12, 13, 14, 16, 19, 20, 28, 29, 30, 31, 32, 35, 36, 37, 40, 43, 44, 47, 50, 51, 54, 55, 56, 57, 60, 61, 64, 65, 66, 67, 68, 69, 70, 72, 75, 79, 99, 140, 226, 242], "summary": {"covered_lines": 48, "num_statements": 48, "percent_covered": 100.0, "percent_covered_display": "100", "missing_lines": 0, "excluded_lines": 0, "percent_statements_covered": 100.0, "percent_statements_covered_display": "100"}, "missing_lines": [], "excluded_lines": [], "start_line": 1}}}, "src/core/gpt_client.py": {"executed_lines": [2, 4, 5, 7, 9, 11, 14, 15, 18, 21, 22, 24, 25, 29, 30, 31, 39, 40, 52, 53, 54, 61, 62, 63, 64, 68, 69, 70, 78, 79, 91, 92, 93, 100, 101, 102, 103], "summary": {"covered_lines": 37, "num_statements": 37, "percent_covered": 100.0, "percent_covered_display": "100", "missing_lines": 0, "excluded_lines": 0, "percent_statements_covered": 100.0, "percent_statements_covered_display": "100"}, "missing_lines": [], "excluded_lines": [], "functions": {"_to_openai_messages": {"executed_lines": [15], "summary": {"covered_lines": 1, "num_statements": 1, "percent_covered": 100.0, "percent_covered_display": "100", "missing_lines": 0, "excluded_lines": 0, "percent_statements_covered": 100.0, "percent_statements_covered_display": "100"}, "missing_lines": [], "excluded_lines": [], "start_line": 14}, "GPTClient.__init__": {"executed_lines": [22, 24, 25], "summary": {"covered_lines": 3, "num_statements": 3, "percent_covered": 100.0, "percent_covered_display": "100", "missing_lines": 0, "excluded_lines": 0, "percent_statements_covered": 100.0, "percent_statements_covered_display": "100"}, "missing_lines": [], "excluded_lines": [], "start_line": 21}, "GPTClient.complete": {"executed_lines": [30, 31, 39, 40], "summary": {"covered_lines": 4, "num_statements": 4, "percent_covered": 100.0, "percent_covered_display": "100", "missing_lines": 0, "excluded_lines": 0, "percent_statements_covered": 100.0, "percent_statements_covered_display": "100"}, "missing_lines": [], "excluded_lines": [], "start_line": 29}, "GPTClient.stream": {"executed_lines": [53, 54, 61, 62, 63, 64], "summary": {"covered_lines": 6, "num_statements": 6, "percent_covered": 100.0, "percent_covered_display": "100", "missing_lines": 0, "excluded_lines": 0, "percent_statements_covered": 100.0, "percent_statements_covered_display": "100"}, "missing_lines": [], "excluded_lines": [], "start_line": 52}, "GPTClient.acomplete": {"executed_lines": [69, 70, 78, 79], "summary": {"covered_lines": 4, "num_statements": 4, "percent_covered": 100.0, "percent_covered_display": "100", "missing_lines": 0, "excluded_lines": 0, "percent_statements_covered": 100.0, "percent_statements_covered_display": "100"}, "missing_lines": [], "excluded_lines": [], "start_line": 68}, "GPTClient.astream": {"executed_lines": [92, 93, 100, 101, 102, 103], "summary": {"covered_lines": 6, "num_statements": 6, "percent_covered": 100.0, "percent_covered_display": "100", "missing_lines": 0, "excluded_lines": 0, "percent_statements_covered": 100.0, "percent_statements_covered_display": "100"}, "missing_lines": [], "excluded_lines": [], "start_line": 91}, "": {"executed_lines": [2, 4, 5, 7, 9, 11, 14, 18, 21, 29, 52, 68, 91], "summary": {"covered_lines": 13, "num_statements": 13, "percent_covered": 100.0, "percent_covered_display": "100", "missing_lines": 0, "excluded_lines": 0, "percent_statements_covered": 100.0, "percent_statements_covered_display": "100"}, "missing_lines": [], "excluded_lines": [], "start_line": 1}}, "classes": {"GPTClient": {"executed_lines": [22, 24, 25, 30, 31, 39, 40, 53, 54, 61, 62, 63, 64, 69, 70, 78, 79, 92, 93, 100, 101, 102, 103], "summary": {"covered_lines": 23, "num_statements": 23, "percent_covered": 100.0, "percent_covered_display": "100", "missing_lines": 0, "excluded_lines": 0, "percent_statements_covered": 100.0, "percent_statements_covered_display": "100"}, "missing_lines": [], "excluded_lines": [], "start_line": 18}, "": {"executed_lines": [2, 4, 5, 7, 9, 11, 14, 15, 18, 21, 29, 52, 68, 91], "summary": {"covered_lines": 14, "num_statements": 14, "percent_covered": 100.0, "percent_covered_display": "100", "missing_lines": 0, "excluded_lines": 0, "percent_statements_covered": 100.0, "percent_statements_covered_display": "100"}, "missing_lines": [], "excluded_lines": [], "start_line": 1}}}, "src/core/local_llm.py": {"executed_lines": [2, 4, 5, 7, 9, 11, 14, 15, 16, 17, 20, 26, 27, 28, 29, 33, 34, 35, 36, 37, 38, 51, 55, 56, 57, 58, 65, 66, 68, 70, 71, 72, 76, 77, 78, 79, 86, 87, 88, 89, 90, 94, 95, 97, 98, 100, 102, 104, 106, 107, 109, 110, 111], "summary": {"covered_lines": 53, "num_statements": 58, "percent_covered": 91.37931034482759, "percent_covered_display": "91", "missing_lines": 5, "excluded_lines": 0, "percent_statements_covered": 91.37931034482759, "percent_statements_covered_display": "91"}, "missing_lines": [43, 44, 45, 73, 74], "excluded_lines": [], "functions": {"_build_prompt": {"executed_lines": [15, 16, 17], "summary": {"covered_lines": 3, "num_statements": 3, "percent_covered": 100.0, "percent_covered_display": "100", "missing_lines": 0, "excluded_lines": 0, "percent_statements_covered": 100.0, "percent_statements_covered_display": "100"}, "missing_lines": [], "excluded_lines": [], "start_line": 14}, "LocalLLM.__init__": {"executed_lines": [27, 28, 29], "summary": {"covered_lines": 3, "num_statements": 3, "percent_covered": 100.0, "percent_covered_display": "100", "missing_lines": 0, "excluded_lines": 0, "percent_statements_covered": 100.0, "percent_statements_covered_display": "100"}, "missing_lines": [], "excluded_lines": [], "start_line": 26}, "LocalLLM._get_pipeline": {"executed_lines": [34, 35, 36, 37, 38, 51], "summary": {"covered_lines": 6, "num_statements": 9, "percent_covered": 66.66666666666667, "percent_covered_display": "67", "missing_lines": 3, "excluded_lines": 0, "percent_statements_covered": 66.66666666666667, "percent_statements_covered_display": "67"}, "missing_lines": [43, 44, 45], "excluded_lines": [], "start_line": 33}, "LocalLLM.complete": {"executed_lines": [56, 57, 58, 65, 66], "summary": {"covered_lines": 5, "num_statements": 5, "percent_covered": 100.0, "percent_covered_display": "100", "missing_lines": 0, "excluded_lines": 0, "percent_statements_covered": 100.0, "percent_statements_covered_display": "100"}, "missing_lines": [], "excluded_lines": [], "start_line": 55}, "LocalLLM.stream": {"executed_lines": [70, 71, 72, 76, 77, 78, 79, 86, 87, 88, 89, 90], "summary": {"covered_lines": 12, "num_statements": 14, "percent_covered": 85.71428571428571, "percent_covered_display": "86", "missing_lines": 2, "excluded_lines": 0, "percent_statements_covered": 85.71428571428571, "percent_statements_covered_display": "86"}, "missing_lines": [73, 74], "excluded_lines": [], "start_line": 68}, "LocalLLM.acomplete": {"executed_lines": [95, 97, 98], "summary": {"covered_lines": 3, "num_statements": 3, "percent_covered": 100.0, "percent_covered_display": "100", "missing_lines": 0, "excluded_lines": 0, "percent_statements_covered": 100.0, "percent_statements_covered_display": "100"}, "missing_lines": [], "excluded_lines": [], "start_line": 94}, "LocalLLM.astream": {"executed_lines": [102, 104, 106, 109, 110, 111], "summary": {"covered_lines": 6, "num_statements": 6, "percent_covered": 100.0, "percent_covered_display": "100", "missing_lines": 0, "excluded_lines": 0, "percent_statements_covered": 100.0, "percent_statements_covered_display": "100"}, "missing_lines": [], "excluded_lines": [], "start_line": 100}, "LocalLLM.astream._collect": {"executed_lines": [107], "summary": {"covered_lines": 1, "num_statements": 1, "percent_covered": 100.0, "percent_covered_display": "100", "missing_lines": 0, "excluded_lines": 0, "percent_statements_covered": 100.0, "percent_statements_covered_display": "100"}, "missing_lines": [], "excluded_lines": [], "start_line": 106}, "": {"executed_lines": [2, 4, 5, 7, 9, 11, 14, 20, 26, 33, 55, 68, 94, 100], "summary": {"covered_lines": 14, "num_statements": 14, "percent_covered": 100.0, "percent_covered_display": "100", "missing_lines": 0, "excluded_lines": 0, "percent_statements_covered": 100.0, "percent_statements_covered_display": "100"}, "missing_lines": [], "excluded_lines": [], "start_line": 1}}, "classes": {"LocalLLM": {"executed_lines": [27, 28, 29, 34, 35, 36, 37, 38, 51, 56, 57, 58, 65, 66, 70, 71, 72, 76, 77, 78, 79, 86, 87, 88, 89, 90, 95, 97, 98, 102, 104, 106, 107, 109, 110, 111], "summary": {"covered_lines": 36, "num_statements": 41, "percent_covered": 87.8048780487805, "percent_covered_display": "88", "missing_lines": 5, "excluded_lines": 0, "percent_statements_covered": 87.8048780487805, "percent_statements_covered_display": "88"}, "missing_lines": [43, 44, 45, 73, 74], "excluded_lines": [], "start_line": 20}, "": {"executed_lines": [2, 4, 5, 7, 9, 11, 14, 15, 16, 17, 20, 26, 33, 55, 68, 94, 100], "summary": {"covered_lines": 17, "num_statements": 17, "percent_covered": 100.0, "percent_covered_display": "100", "missing_lines": 0, "excluded_lines": 0, "percent_statements_covered": 100.0, "percent_statements_covered_display": "100"}, "missing_lines": [], "excluded_lines": [], "start_line": 1}}}, "src/core/model_factory.py": {"executed_lines": [2, 4, 5, 6, 8, 10, 13, 14, 15, 16, 17, 21, 29, 37, 46, 48, 52, 53, 55, 56, 57, 58, 61, 71, 72, 73, 74, 75, 77, 80, 81, 82, 83, 84, 85, 86, 88, 91, 117, 118, 119, 120, 121, 123, 124, 132, 133, 135, 136, 138, 139, 141, 148, 149, 152, 153, 155, 156], "summary": {"covered_lines": 58, "num_statements": 60, "percent_covered": 96.66666666666667, "percent_covered_display": "97", "missing_lines": 2, "excluded_lines": 0, "percent_statements_covered": 96.66666666666667, "percent_statements_covered_display": "97"}, "missing_lines": [54, 150], "excluded_lines": [], "functions": {"_resolve_api_key": {"executed_lines": [48, 52, 53, 55, 56, 57, 58], "summary": {"covered_lines": 7, "num_statements": 8, "percent_covered": 87.5, "percent_covered_display": "88", "missing_lines": 1, "excluded_lines": 0, "percent_statements_covered": 87.5, "percent_statements_covered_display": "88"}, "missing_lines": [54], "excluded_lines": [], "start_line": 46}, "_resolve_bedrock_kwargs": {"executed_lines": [71, 72, 73, 74, 75, 77, 80, 81, 82, 83, 84, 85, 86, 88], "summary": {"covered_lines": 14, "num_statements": 14, "percent_covered": 100.0, "percent_covered_display": "100", "missing_lines": 0, "excluded_lines": 0, "percent_statements_covered": 100.0, "percent_statements_covered_display": "100"}, "missing_lines": [], "excluded_lines": [], "start_line": 61}, "create_llm": {"executed_lines": [117, 118, 119, 120, 121, 123, 124, 132, 133, 135, 136, 138, 139, 141, 148, 149, 152, 153, 155, 156], "summary": {"covered_lines": 20, "num_statements": 21, "percent_covered": 95.23809523809524, "percent_covered_display": "95", "missing_lines": 1, "excluded_lines": 0, "percent_statements_covered": 95.23809523809524, "percent_statements_covered_display": "95"}, "missing_lines": [150], "excluded_lines": [], "start_line": 91}, "": {"executed_lines": [2, 4, 5, 6, 8, 10, 13, 14, 15, 16, 17, 21, 29, 37, 46, 61, 91], "summary": {"covered_lines": 17, "num_statements": 17, "percent_covered": 100.0, "percent_covered_display": "100", "missing_lines": 0, "excluded_lines": 0, "percent_statements_covered": 100.0, "percent_statements_covered_display": "100"}, "missing_lines": [], "excluded_lines": [], "start_line": 1}}, "classes": {"ModelProvider": {"executed_lines": [], "summary": {"covered_lines": 0, "num_statements": 0, "percent_covered": 100.0, "percent_covered_display": "100", "missing_lines": 0, "excluded_lines": 0, "percent_statements_covered": 100.0, "percent_statements_covered_display": "100"}, "missing_lines": [], "excluded_lines": [], "start_line": 13}, "": {"executed_lines": [2, 4, 5, 6, 8, 10, 13, 14, 15, 16, 17, 21, 29, 37, 46, 48, 52, 53, 55, 56, 57, 58, 61, 71, 72, 73, 74, 75, 77, 80, 81, 82, 83, 84, 85, 86, 88, 91, 117, 118, 119, 120, 121, 123, 124, 132, 133, 135, 136, 138, 139, 141, 148, 149, 152, 153, 155, 156], "summary": {"covered_lines": 58, "num_statements": 60, "percent_covered": 96.66666666666667, "percent_covered_display": "97", "missing_lines": 2, "excluded_lines": 0, "percent_statements_covered": 96.66666666666667, "percent_statements_covered_display": "97"}, "missing_lines": [54, 150], "excluded_lines": [], "start_line": 1}}}, "src/inference/__init__.py": {"executed_lines": [], "summary": {"covered_lines": 0, "num_statements": 0, "percent_covered": 100.0, "percent_covered_display": "100", "missing_lines": 0, "excluded_lines": 0, "percent_statements_covered": 100.0, "percent_statements_covered_display": "100"}, "missing_lines": [], "excluded_lines": [], "functions": {"": {"executed_lines": [], "summary": {"covered_lines": 0, "num_statements": 0, "percent_covered": 100.0, "percent_covered_display": "100", "missing_lines": 0, "excluded_lines": 0, "percent_statements_covered": 100.0, "percent_statements_covered_display": "100"}, "missing_lines": [], "excluded_lines": [], "start_line": 1}}, "classes": {"": {"executed_lines": [], "summary": {"covered_lines": 0, "num_statements": 0, "percent_covered": 100.0, "percent_covered_display": "100", "missing_lines": 0, "excluded_lines": 0, "percent_statements_covered": 100.0, "percent_statements_covered_display": "100"}, "missing_lines": [], "excluded_lines": [], "start_line": 1}}}, "src/inference/inference_engine.py": {"executed_lines": [2, 4, 5, 6, 8, 9, 10, 12, 15, 16, 19, 20, 21, 22, 23, 24, 27, 28, 31, 32, 33, 34, 35, 38, 49, 55, 56, 57, 61, 63, 65, 66, 68, 69, 70, 71, 73, 74, 76, 78, 86, 88, 90, 94, 95, 96, 100, 102, 104, 105, 107, 108, 109, 110, 112, 113, 114, 116, 126, 127, 128, 130, 131, 132, 134, 135, 137, 138, 139, 140, 141, 142, 143], "summary": {"covered_lines": 73, "num_statements": 75, "percent_covered": 97.33333333333333, "percent_covered_display": "97", "missing_lines": 2, "excluded_lines": 0, "percent_statements_covered": 97.33333333333333, "percent_statements_covered_display": "97"}, "missing_lines": [91, 92], "excluded_lines": [], "functions": {"InferenceEngine.__init__": {"executed_lines": [55, 56, 57], "summary": {"covered_lines": 3, "num_statements": 3, "percent_covered": 100.0, "percent_covered_display": "100", "missing_lines": 0, "excluded_lines": 0, "percent_statements_covered": 100.0, "percent_statements_covered_display": "100"}, "missing_lines": [], "excluded_lines": [], "start_line": 49}, "InferenceEngine.run": {"executed_lines": [63, 65, 66, 68, 69, 70, 71, 73, 74, 76, 78], "summary": {"covered_lines": 11, "num_statements": 11, "percent_covered": 100.0, "percent_covered_display": "100", "missing_lines": 0, "excluded_lines": 0, "percent_statements_covered": 100.0, "percent_statements_covered_display": "100"}, "missing_lines": [], "excluded_lines": [], "start_line": 61}, "InferenceEngine.stream": {"executed_lines": [88, 90, 94, 95, 96], "summary": {"covered_lines": 5, "num_statements": 7, "percent_covered": 71.42857142857143, "percent_covered_display": "71", "missing_lines": 2, "excluded_lines": 0, "percent_statements_covered": 71.42857142857143, "percent_statements_covered_display": "71"}, "missing_lines": [91, 92], "excluded_lines": [], "start_line": 86}, "InferenceEngine.arun": {"executed_lines": [102, 104, 105, 107, 108, 109, 110, 112, 113, 114, 116], "summary": {"covered_lines": 11, "num_statements": 11, "percent_covered": 100.0, "percent_covered_display": "100", "missing_lines": 0, "excluded_lines": 0, "percent_statements_covered": 100.0, "percent_statements_covered_display": "100"}, "missing_lines": [], "excluded_lines": [], "start_line": 100}, "InferenceEngine._build_prompt": {"executed_lines": [127, 128, 130, 131, 132, 134, 135], "summary": {"covered_lines": 7, "num_statements": 7, "percent_covered": 100.0, "percent_covered_display": "100", "missing_lines": 0, "excluded_lines": 0, "percent_statements_covered": 100.0, "percent_statements_covered_display": "100"}, "missing_lines": [], "excluded_lines": [], "start_line": 126}, "InferenceEngine._build_messages": {"executed_lines": [139, 140, 141, 142, 143], "summary": {"covered_lines": 5, "num_statements": 5, "percent_covered": 100.0, "percent_covered_display": "100", "missing_lines": 0, "excluded_lines": 0, "percent_statements_covered": 100.0, "percent_statements_covered_display": "100"}, "missing_lines": [], "excluded_lines": [], "start_line": 138}, "": {"executed_lines": [2, 4, 5, 6, 8, 9, 10, 12, 15, 16, 19, 20, 21, 22, 23, 24, 27, 28, 31, 32, 33, 34, 35, 38, 49, 61, 86, 100, 126, 137, 138], "summary": {"covered_lines": 31, "num_statements": 31, "percent_covered": 100.0, "percent_covered_display": "100", "missing_lines": 0, "excluded_lines": 0, "percent_statements_covered": 100.0, "percent_statements_covered_display": "100"}, "missing_lines": [], "excluded_lines": [], "start_line": 1}}, "classes": {"InferenceRequest": {"executed_lines": [], "summary": {"covered_lines": 0, "num_statements": 0, "percent_covered": 100.0, "percent_covered_display": "100", "missing_lines": 0, "excluded_lines": 0, "percent_statements_covered": 100.0, "percent_statements_covered_display": "100"}, "missing_lines": [], "excluded_lines": [], "start_line": 16}, "InferenceResult": {"executed_lines": [], "summary": {"covered_lines": 0, "num_statements": 0, "percent_covered": 100.0, "percent_covered_display": "100", "missing_lines": 0, "excluded_lines": 0, "percent_statements_covered": 100.0, "percent_statements_covered_display": "100"}, "missing_lines": [], "excluded_lines": [], "start_line": 28}, "InferenceEngine": {"executed_lines": [55, 56, 57, 63, 65, 66, 68, 69, 70, 71, 73, 74, 76, 78, 88, 90, 94, 95, 96, 102, 104, 105, 107, 108, 109, 110, 112, 113, 114, 116, 127, 128, 130, 131, 132, 134, 135, 139, 140, 141, 142, 143], "summary": {"covered_lines": 42, "num_statements": 44, "percent_covered": 95.45454545454545, "percent_covered_display": "95", "missing_lines": 2, "excluded_lines": 0, "percent_statements_covered": 95.45454545454545, "percent_statements_covered_display": "95"}, "missing_lines": [91, 92], "excluded_lines": [], "start_line": 38}, "": {"executed_lines": [2, 4, 5, 6, 8, 9, 10, 12, 15, 16, 19, 20, 21, 22, 23, 24, 27, 28, 31, 32, 33, 34, 35, 38, 49, 61, 86, 100, 126, 137, 138], "summary": {"covered_lines": 31, "num_statements": 31, "percent_covered": 100.0, "percent_covered_display": "100", "missing_lines": 0, "excluded_lines": 0, "percent_statements_covered": 100.0, "percent_statements_covered_display": "100"}, "missing_lines": [], "excluded_lines": [], "start_line": 1}}}, "src/inference/qa_engine.py": {"executed_lines": [2, 4, 5, 7, 9, 12, 13, 16, 17, 18, 19, 22, 34, 40, 41, 42, 43, 47, 49, 50, 52, 53, 54, 55, 56, 58, 69, 70, 71, 72, 73, 74, 75, 76, 77, 78, 80, 91, 92, 94, 95, 96, 97, 98, 99, 100, 101, 102, 103, 104, 106, 110, 111, 112, 113, 114, 115, 124, 126, 127, 128, 129, 137, 138, 139, 141, 142, 144, 145, 149, 150], "summary": {"covered_lines": 71, "num_statements": 73, "percent_covered": 97.26027397260275, "percent_covered_display": "97", "missing_lines": 2, "excluded_lines": 0, "percent_statements_covered": 97.26027397260275, "percent_statements_covered_display": "97"}, "missing_lines": [119, 120], "excluded_lines": [], "functions": {"QAEngine.__init__": {"executed_lines": [40, 41, 42, 43], "summary": {"covered_lines": 4, "num_statements": 4, "percent_covered": 100.0, "percent_covered_display": "100", "missing_lines": 0, "excluded_lines": 0, "percent_statements_covered": 100.0, "percent_statements_covered_display": "100"}, "missing_lines": [], "excluded_lines": [], "start_line": 34}, "QAEngine.answer": {"executed_lines": [49, 50, 52, 53, 54, 55, 56], "summary": {"covered_lines": 7, "num_statements": 7, "percent_covered": 100.0, "percent_covered_display": "100", "missing_lines": 0, "excluded_lines": 0, "percent_statements_covered": 100.0, "percent_statements_covered_display": "100"}, "missing_lines": [], "excluded_lines": [], "start_line": 47}, "QAEngine.answer_batch": {"executed_lines": [69, 70, 71, 72, 73, 74, 75, 76, 77, 78], "summary": {"covered_lines": 10, "num_statements": 10, "percent_covered": 100.0, "percent_covered_display": "100", "missing_lines": 0, "excluded_lines": 0, "percent_statements_covered": 100.0, "percent_statements_covered_display": "100"}, "missing_lines": [], "excluded_lines": [], "start_line": 58}, "QAEngine.answer_passages": {"executed_lines": [91, 92, 94, 95, 96, 97, 98, 99, 100, 101, 102, 103, 104, 106], "summary": {"covered_lines": 14, "num_statements": 14, "percent_covered": 100.0, "percent_covered_display": "100", "missing_lines": 0, "excluded_lines": 0, "percent_statements_covered": 100.0, "percent_statements_covered_display": "100"}, "missing_lines": [], "excluded_lines": [], "start_line": 80}, "QAEngine._get_hf_pipeline": {"executed_lines": [111, 112, 113, 114, 115, 124], "summary": {"covered_lines": 6, "num_statements": 8, "percent_covered": 75.0, "percent_covered_display": "75", "missing_lines": 2, "excluded_lines": 0, "percent_statements_covered": 75.0, "percent_statements_covered_display": "75"}, "missing_lines": [119, 120], "excluded_lines": [], "start_line": 110}, "QAEngine._hf_answer": {"executed_lines": [127, 128, 129], "summary": {"covered_lines": 3, "num_statements": 3, "percent_covered": 100.0, "percent_covered_display": "100", "missing_lines": 0, "excluded_lines": 0, "percent_statements_covered": 100.0, "percent_statements_covered_display": "100"}, "missing_lines": [], "excluded_lines": [], "start_line": 126}, "QAEngine._llm_answer": {"executed_lines": [138, 139, 141, 142, 144, 145, 149, 150], "summary": {"covered_lines": 8, "num_statements": 8, "percent_covered": 100.0, "percent_covered_display": "100", "missing_lines": 0, "excluded_lines": 0, "percent_statements_covered": 100.0, "percent_statements_covered_display": "100"}, "missing_lines": [], "excluded_lines": [], "start_line": 137}, "": {"executed_lines": [2, 4, 5, 7, 9, 12, 13, 16, 17, 18, 19, 22, 34, 47, 58, 80, 110, 126, 137], "summary": {"covered_lines": 19, "num_statements": 19, "percent_covered": 100.0, "percent_covered_display": "100", "missing_lines": 0, "excluded_lines": 0, "percent_statements_covered": 100.0, "percent_statements_covered_display": "100"}, "missing_lines": [], "excluded_lines": [], "start_line": 1}}, "classes": {"QAResult": {"executed_lines": [], "summary": {"covered_lines": 0, "num_statements": 0, "percent_covered": 100.0, "percent_covered_display": "100", "missing_lines": 0, "excluded_lines": 0, "percent_statements_covered": 100.0, "percent_statements_covered_display": "100"}, "missing_lines": [], "excluded_lines": [], "start_line": 13}, "QAEngine": {"executed_lines": [40, 41, 42, 43, 49, 50, 52, 53, 54, 55, 56, 69, 70, 71, 72, 73, 74, 75, 76, 77, 78, 91, 92, 94, 95, 96, 97, 98, 99, 100, 101, 102, 103, 104, 106, 111, 112, 113, 114, 115, 124, 127, 128, 129, 138, 139, 141, 142, 144, 145, 149, 150], "summary": {"covered_lines": 52, "num_statements": 54, "percent_covered": 96.29629629629629, "percent_covered_display": "96", "missing_lines": 2, "excluded_lines": 0, "percent_statements_covered": 96.29629629629629, "percent_statements_covered_display": "96"}, "missing_lines": [119, 120], "excluded_lines": [], "start_line": 22}, "": {"executed_lines": [2, 4, 5, 7, 9, 12, 13, 16, 17, 18, 19, 22, 34, 47, 58, 80, 110, 126, 137], "summary": {"covered_lines": 19, "num_statements": 19, "percent_covered": 100.0, "percent_covered_display": "100", "missing_lines": 0, "excluded_lines": 0, "percent_statements_covered": 100.0, "percent_statements_covered_display": "100"}, "missing_lines": [], "excluded_lines": [], "start_line": 1}}}, "src/inference/question_generator.py": {"executed_lines": [2, 4, 5, 7, 9, 12, 24, 31, 32, 33, 34, 35, 39, 45, 46, 47, 49, 50, 51, 52, 53, 55, 59, 60, 61, 62, 69, 73, 74, 75, 76, 77, 78, 84, 86, 87, 88, 89, 90, 91, 94, 95, 96, 97, 98, 99, 100, 101, 102, 103, 104, 105, 106, 108, 111, 112, 116, 117, 118, 120, 121, 123, 124, 128, 129, 130, 135, 136], "summary": {"covered_lines": 68, "num_statements": 72, "percent_covered": 94.44444444444444, "percent_covered_display": "94", "missing_lines": 4, "excluded_lines": 0, "percent_statements_covered": 94.44444444444444, "percent_statements_covered_display": "94"}, "missing_lines": [82, 83, 107, 109], "excluded_lines": [], "functions": {"QuestionGenerator.__init__": {"executed_lines": [31, 32, 33, 34, 35], "summary": {"covered_lines": 5, "num_statements": 5, "percent_covered": 100.0, "percent_covered_display": "100", "missing_lines": 0, "excluded_lines": 0, "percent_statements_covered": 100.0, "percent_statements_covered_display": "100"}, "missing_lines": [], "excluded_lines": [], "start_line": 24}, "QuestionGenerator.generate": {"executed_lines": [45, 46, 47, 49, 50, 51, 52, 53], "summary": {"covered_lines": 8, "num_statements": 8, "percent_covered": 100.0, "percent_covered_display": "100", "missing_lines": 0, "excluded_lines": 0, "percent_statements_covered": 100.0, "percent_statements_covered_display": "100"}, "missing_lines": [], "excluded_lines": [], "start_line": 39}, "QuestionGenerator.generate_all": {"executed_lines": [59, 60, 61, 62, 69], "summary": {"covered_lines": 5, "num_statements": 5, "percent_covered": 100.0, "percent_covered_display": "100", "missing_lines": 0, "excluded_lines": 0, "percent_statements_covered": 100.0, "percent_statements_covered_display": "100"}, "missing_lines": [], "excluded_lines": [], "start_line": 55}, "QuestionGenerator._get_hf_pipeline": {"executed_lines": [74, 75, 76, 77, 78, 84], "summary": {"covered_lines": 6, "num_statements": 8, "percent_covered": 75.0, "percent_covered_display": "75", "missing_lines": 2, "excluded_lines": 0, "percent_statements_covered": 75.0, "percent_statements_covered_display": "75"}, "missing_lines": [82, 83], "excluded_lines": [], "start_line": 73}, "QuestionGenerator._hf_generate": {"executed_lines": [87, 88, 89, 90, 91, 94, 95, 96, 97, 98, 99, 100, 101, 102, 103, 104, 105, 106, 108, 111, 112], "summary": {"covered_lines": 21, "num_statements": 23, "percent_covered": 91.30434782608695, "percent_covered_display": "91", "missing_lines": 2, "excluded_lines": 0, "percent_statements_covered": 91.30434782608695, "percent_statements_covered_display": "91"}, "missing_lines": [107, 109], "excluded_lines": [], "start_line": 86}, "QuestionGenerator._llm_generate": {"executed_lines": [117, 118, 120, 121, 123, 124, 128, 129, 130, 135, 136], "summary": {"covered_lines": 11, "num_statements": 11, "percent_covered": 100.0, "percent_covered_display": "100", "missing_lines": 0, "excluded_lines": 0, "percent_statements_covered": 100.0, "percent_statements_covered_display": "100"}, "missing_lines": [], "excluded_lines": [], "start_line": 116}, "": {"executed_lines": [2, 4, 5, 7, 9, 12, 24, 39, 55, 73, 86, 116], "summary": {"covered_lines": 12, "num_statements": 12, "percent_covered": 100.0, "percent_covered_display": "100", "missing_lines": 0, "excluded_lines": 0, "percent_statements_covered": 100.0, "percent_statements_covered_display": "100"}, "missing_lines": [], "excluded_lines": [], "start_line": 1}}, "classes": {"QuestionGenerator": {"executed_lines": [31, 32, 33, 34, 35, 45, 46, 47, 49, 50, 51, 52, 53, 59, 60, 61, 62, 69, 74, 75, 76, 77, 78, 84, 87, 88, 89, 90, 91, 94, 95, 96, 97, 98, 99, 100, 101, 102, 103, 104, 105, 106, 108, 111, 112, 117, 118, 120, 121, 123, 124, 128, 129, 130, 135, 136], "summary": {"covered_lines": 56, "num_statements": 60, "percent_covered": 93.33333333333333, "percent_covered_display": "93", "missing_lines": 4, "excluded_lines": 0, "percent_statements_covered": 93.33333333333333, "percent_statements_covered_display": "93"}, "missing_lines": [82, 83, 107, 109], "excluded_lines": [], "start_line": 12}, "": {"executed_lines": [2, 4, 5, 7, 9, 12, 24, 39, 55, 73, 86, 116], "summary": {"covered_lines": 12, "num_statements": 12, "percent_covered": 100.0, "percent_covered_display": "100", "missing_lines": 0, "excluded_lines": 0, "percent_statements_covered": 100.0, "percent_statements_covered_display": "100"}, "missing_lines": [], "excluded_lines": [], "start_line": 1}}}, "src/inference/response_parser.py": {"executed_lines": [2, 4, 5, 6, 7, 8, 10, 13, 15, 18, 19, 22, 23, 24, 25, 28, 39, 40, 49, 50, 51, 54, 55, 56, 58, 60, 61, 63, 64, 65, 66, 67, 68, 72, 73, 75, 76, 78, 79, 81, 82, 83, 84, 85, 86, 88, 89, 94, 95, 96, 97, 98, 100, 101, 103, 107, 108, 110, 111, 112, 113, 114], "summary": {"covered_lines": 62, "num_statements": 62, "percent_covered": 100.0, "percent_covered_display": "100", "missing_lines": 0, "excluded_lines": 0, "percent_statements_covered": 100.0, "percent_statements_covered_display": "100"}, "missing_lines": [], "excluded_lines": [], "functions": {"ResponseParser.extract_json": {"executed_lines": [49, 50, 51, 54, 55, 56, 58], "summary": {"covered_lines": 7, "num_statements": 7, "percent_covered": 100.0, "percent_covered_display": "100", "missing_lines": 0, "excluded_lines": 0, "percent_statements_covered": 100.0, "percent_statements_covered_display": "100"}, "missing_lines": [], "excluded_lines": [], "start_line": 40}, "ResponseParser.try_extract_json": {"executed_lines": [63, 64, 65, 66, 67, 68], "summary": {"covered_lines": 6, "num_statements": 6, "percent_covered": 100.0, "percent_covered_display": "100", "missing_lines": 0, "excluded_lines": 0, "percent_statements_covered": 100.0, "percent_statements_covered_display": "100"}, "missing_lines": [], "excluded_lines": [], "start_line": 61}, "ResponseParser.strip_thinking_tags": {"executed_lines": [75, 76], "summary": {"covered_lines": 2, "num_statements": 2, "percent_covered": 100.0, "percent_covered_display": "100", "missing_lines": 0, "excluded_lines": 0, "percent_statements_covered": 100.0, "percent_statements_covered_display": "100"}, "missing_lines": [], "excluded_lines": [], "start_line": 73}, "ResponseParser.strip_markdown_formatting": {"executed_lines": [81, 82, 83, 84, 85, 86], "summary": {"covered_lines": 6, "num_statements": 6, "percent_covered": 100.0, "percent_covered_display": "100", "missing_lines": 0, "excluded_lines": 0, "percent_statements_covered": 100.0, "percent_statements_covered_display": "100"}, "missing_lines": [], "excluded_lines": [], "start_line": 79}, "ResponseParser.extract_answer": {"executed_lines": [94, 95, 96, 97, 98], "summary": {"covered_lines": 5, "num_statements": 5, "percent_covered": 100.0, "percent_covered_display": "100", "missing_lines": 0, "excluded_lines": 0, "percent_statements_covered": 100.0, "percent_statements_covered_display": "100"}, "missing_lines": [], "excluded_lines": [], "start_line": 89}, "ResponseParser.normalize_whitespace": {"executed_lines": [103], "summary": {"covered_lines": 1, "num_statements": 1, "percent_covered": 100.0, "percent_covered_display": "100", "missing_lines": 0, "excluded_lines": 0, "percent_statements_covered": 100.0, "percent_statements_covered_display": "100"}, "missing_lines": [], "excluded_lines": [], "start_line": 101}, "ResponseParser.clean": {"executed_lines": [110, 111, 112, 113, 114], "summary": {"covered_lines": 5, "num_statements": 5, "percent_covered": 100.0, "percent_covered_display": "100", "missing_lines": 0, "excluded_lines": 0, "percent_statements_covered": 100.0, "percent_statements_covered_display": "100"}, "missing_lines": [], "excluded_lines": [], "start_line": 108}, "": {"executed_lines": [2, 4, 5, 6, 7, 8, 10, 13, 15, 18, 19, 22, 23, 24, 25, 28, 39, 40, 60, 61, 72, 73, 78, 79, 88, 89, 100, 101, 107, 108], "summary": {"covered_lines": 30, "num_statements": 30, "percent_covered": 100.0, "percent_covered_display": "100", "missing_lines": 0, "excluded_lines": 0, "percent_statements_covered": 100.0, "percent_statements_covered_display": "100"}, "missing_lines": [], "excluded_lines": [], "start_line": 1}}, "classes": {"ParsedResponse": {"executed_lines": [], "summary": {"covered_lines": 0, "num_statements": 0, "percent_covered": 100.0, "percent_covered_display": "100", "missing_lines": 0, "excluded_lines": 0, "percent_statements_covered": 100.0, "percent_statements_covered_display": "100"}, "missing_lines": [], "excluded_lines": [], "start_line": 19}, "ResponseParser": {"executed_lines": [49, 50, 51, 54, 55, 56, 58, 63, 64, 65, 66, 67, 68, 75, 76, 81, 82, 83, 84, 85, 86, 94, 95, 96, 97, 98, 103, 110, 111, 112, 113, 114], "summary": {"covered_lines": 32, "num_statements": 32, "percent_covered": 100.0, "percent_covered_display": "100", "missing_lines": 0, "excluded_lines": 0, "percent_statements_covered": 100.0, "percent_statements_covered_display": "100"}, "missing_lines": [], "excluded_lines": [], "start_line": 28}, "": {"executed_lines": [2, 4, 5, 6, 7, 8, 10, 13, 15, 18, 19, 22, 23, 24, 25, 28, 39, 40, 60, 61, 72, 73, 78, 79, 88, 89, 100, 101, 107, 108], "summary": {"covered_lines": 30, "num_statements": 30, "percent_covered": 100.0, "percent_covered_display": "100", "missing_lines": 0, "excluded_lines": 0, "percent_statements_covered": 100.0, "percent_statements_covered_display": "100"}, "missing_lines": [], "excluded_lines": [], "start_line": 1}}}, "src/inference/summarizer.py": {"executed_lines": [2, 4, 5, 7, 9, 11, 12, 13, 16, 17, 18, 19, 20, 21, 22, 23, 26, 39, 40, 41, 42, 43, 47, 49, 50, 52, 53, 54, 55, 56, 58, 60, 63, 64, 66, 68, 72, 73, 74, 75, 76, 77, 87, 89, 90, 92, 93, 99, 100, 101, 105, 106, 107, 111, 112, 115, 116, 117, 118, 122, 123, 148, 149], "summary": {"covered_lines": 63, "num_statements": 78, "percent_covered": 80.76923076923077, "percent_covered_display": "81", "missing_lines": 15, "excluded_lines": 0, "percent_statements_covered": 80.76923076923077, "percent_statements_covered_display": "81"}, "missing_lines": [61, 67, 81, 82, 125, 126, 127, 128, 129, 133, 134, 136, 138, 142, 146], "excluded_lines": [], "functions": {"Summarizer.__init__": {"executed_lines": [40, 41, 42, 43], "summary": {"covered_lines": 4, "num_statements": 4, "percent_covered": 100.0, "percent_covered_display": "100", "missing_lines": 0, "excluded_lines": 0, "percent_statements_covered": 100.0, "percent_statements_covered_display": "100"}, "missing_lines": [], "excluded_lines": [], "start_line": 39}, "Summarizer.summarize": {"executed_lines": [49, 50, 52, 53, 54, 55, 56], "summary": {"covered_lines": 7, "num_statements": 7, "percent_covered": 100.0, "percent_covered_display": "100", "missing_lines": 0, "excluded_lines": 0, "percent_statements_covered": 100.0, "percent_statements_covered_display": "100"}, "missing_lines": [], "excluded_lines": [], "start_line": 47}, "Summarizer.summarize_passages": {"executed_lines": [60, 63, 64, 66, 68], "summary": {"covered_lines": 5, "num_statements": 7, "percent_covered": 71.42857142857143, "percent_covered_display": "71", "missing_lines": 2, "excluded_lines": 0, "percent_statements_covered": 71.42857142857143, "percent_statements_covered_display": "71"}, "missing_lines": [61, 67], "excluded_lines": [], "start_line": 58}, "Summarizer._get_hf_pipeline": {"executed_lines": [73, 74, 75, 76, 77, 87], "summary": {"covered_lines": 6, "num_statements": 8, "percent_covered": 75.0, "percent_covered_display": "75", "missing_lines": 2, "excluded_lines": 0, "percent_statements_covered": 75.0, "percent_statements_covered_display": "75"}, "missing_lines": [81, 82], "excluded_lines": [], "start_line": 72}, "Summarizer._hf_summarize": {"executed_lines": [90, 92, 93, 99, 100, 101], "summary": {"covered_lines": 6, "num_statements": 6, "percent_covered": 100.0, "percent_covered_display": "100", "missing_lines": 0, "excluded_lines": 0, "percent_statements_covered": 100.0, "percent_statements_covered_display": "100"}, "missing_lines": [], "excluded_lines": [], "start_line": 89}, "Summarizer._llm_summarize": {"executed_lines": [106, 107, 111, 112, 115, 116, 117, 118, 122, 123], "summary": {"covered_lines": 10, "num_statements": 21, "percent_covered": 47.61904761904762, "percent_covered_display": "48", "missing_lines": 11, "excluded_lines": 0, "percent_statements_covered": 47.61904761904762, "percent_statements_covered_display": "48"}, "missing_lines": [125, 126, 127, 128, 129, 133, 134, 136, 138, 142, 146], "excluded_lines": [], "start_line": 105}, "Summarizer._split_for_llm": {"executed_lines": [149], "summary": {"covered_lines": 1, "num_statements": 1, "percent_covered": 100.0, "percent_covered_display": "100", "missing_lines": 0, "excluded_lines": 0, "percent_statements_covered": 100.0, "percent_statements_covered_display": "100"}, "missing_lines": [], "excluded_lines": [], "start_line": 148}, "": {"executed_lines": [2, 4, 5, 7, 9, 11, 12, 13, 16, 17, 18, 19, 20, 21, 22, 23, 26, 39, 47, 58, 72, 89, 105, 148], "summary": {"covered_lines": 24, "num_statements": 24, "percent_covered": 100.0, "percent_covered_display": "100", "missing_lines": 0, "excluded_lines": 0, "percent_statements_covered": 100.0, "percent_statements_covered_display": "100"}, "missing_lines": [], "excluded_lines": [], "start_line": 1}}, "classes": {"SummaryConfig": {"executed_lines": [], "summary": {"covered_lines": 0, "num_statements": 0, "percent_covered": 100.0, "percent_covered_display": "100", "missing_lines": 0, "excluded_lines": 0, "percent_statements_covered": 100.0, "percent_statements_covered_display": "100"}, "missing_lines": [], "excluded_lines": [], "start_line": 17}, "Summarizer": {"executed_lines": [40, 41, 42, 43, 49, 50, 52, 53, 54, 55, 56, 60, 63, 64, 66, 68, 73, 74, 75, 76, 77, 87, 90, 92, 93, 99, 100, 101, 106, 107, 111, 112, 115, 116, 117, 118, 122, 123, 149], "summary": {"covered_lines": 39, "num_statements": 54, "percent_covered": 72.22222222222223, "percent_covered_display": "72", "missing_lines": 15, "excluded_lines": 0, "percent_statements_covered": 72.22222222222223, "percent_statements_covered_display": "72"}, "missing_lines": [61, 67, 81, 82, 125, 126, 127, 128, 129, 133, 134, 136, 138, 142, 146], "excluded_lines": [], "start_line": 26}, "": {"executed_lines": [2, 4, 5, 7, 9, 11, 12, 13, 16, 17, 18, 19, 20, 21, 22, 23, 26, 39, 47, 58, 72, 89, 105, 148], "summary": {"covered_lines": 24, "num_statements": 24, "percent_covered": 100.0, "percent_covered_display": "100", "missing_lines": 0, "excluded_lines": 0, "percent_statements_covered": 100.0, "percent_statements_covered_display": "100"}, "missing_lines": [], "excluded_lines": [], "start_line": 1}}}, "src/processing/__init__.py": {"executed_lines": [], "summary": {"covered_lines": 0, "num_statements": 0, "percent_covered": 100.0, "percent_covered_display": "100", "missing_lines": 0, "excluded_lines": 0, "percent_statements_covered": 100.0, "percent_statements_covered_display": "100"}, "missing_lines": [], "excluded_lines": [], "functions": {"": {"executed_lines": [], "summary": {"covered_lines": 0, "num_statements": 0, "percent_covered": 100.0, "percent_covered_display": "100", "missing_lines": 0, "excluded_lines": 0, "percent_statements_covered": 100.0, "percent_statements_covered_display": "100"}, "missing_lines": [], "excluded_lines": [], "start_line": 1}}, "classes": {"": {"executed_lines": [], "summary": {"covered_lines": 0, "num_statements": 0, "percent_covered": 100.0, "percent_covered_display": "100", "missing_lines": 0, "excluded_lines": 0, "percent_statements_covered": 100.0, "percent_statements_covered_display": "100"}, "missing_lines": [], "excluded_lines": [], "start_line": 1}}}, "src/processing/chunking.py": {"executed_lines": [2, 4, 5, 8, 9, 10, 11, 13, 16, 25, 27, 28, 30, 32, 33, 35, 36, 37, 41, 42, 43, 44, 46, 47, 48, 49, 51, 54, 55, 58, 59, 60, 62, 63, 65, 69, 70, 71, 73, 80, 81, 82, 85, 86, 89, 90, 91, 92, 95, 105, 106, 107, 109, 110, 111, 113, 114, 115, 118, 119, 128, 133, 134, 136, 138, 139, 140, 142, 143, 144, 145, 146, 148, 149, 150, 152, 153, 155, 157, 159], "summary": {"covered_lines": 80, "num_statements": 88, "percent_covered": 90.9090909090909, "percent_covered_display": "91", "missing_lines": 8, "excluded_lines": 0, "percent_statements_covered": 90.9090909090909, "percent_statements_covered_display": "91"}, "missing_lines": [52, 72, 116, 117, 120, 121, 122, 123], "excluded_lines": [], "functions": {"TextChunker.__init__": {"executed_lines": [28], "summary": {"covered_lines": 1, "num_statements": 1, "percent_covered": 100.0, "percent_covered_display": "100", "missing_lines": 0, "excluded_lines": 0, "percent_statements_covered": 100.0, "percent_statements_covered_display": "100"}, "missing_lines": [], "excluded_lines": [], "start_line": 27}, "TextChunker.split": {"executed_lines": [32, 33, 35, 36, 37], "summary": {"covered_lines": 5, "num_statements": 5, "percent_covered": 100.0, "percent_covered_display": "100", "missing_lines": 0, "excluded_lines": 0, "percent_statements_covered": 100.0, "percent_statements_covered_display": "100"}, "missing_lines": [], "excluded_lines": [], "start_line": 30}, "TextChunker._sentence_aware_split": {"executed_lines": [42, 43, 44, 46, 47, 48, 49, 51, 54, 55, 58, 59, 60, 62, 63, 65], "summary": {"covered_lines": 16, "num_statements": 17, "percent_covered": 94.11764705882354, "percent_covered_display": "94", "missing_lines": 1, "excluded_lines": 0, "percent_statements_covered": 94.11764705882354, "percent_statements_covered_display": "94"}, "missing_lines": [52], "excluded_lines": [], "start_line": 41}, "TextChunker._character_split": {"executed_lines": [70, 71, 73], "summary": {"covered_lines": 3, "num_statements": 4, "percent_covered": 75.0, "percent_covered_display": "75", "missing_lines": 1, "excluded_lines": 0, "percent_statements_covered": 75.0, "percent_statements_covered_display": "75"}, "missing_lines": [72], "excluded_lines": [], "start_line": 69}, "TextChunker._tail": {"executed_lines": [82], "summary": {"covered_lines": 1, "num_statements": 1, "percent_covered": 100.0, "percent_covered_display": "100", "missing_lines": 0, "excluded_lines": 0, "percent_statements_covered": 100.0, "percent_statements_covered_display": "100"}, "missing_lines": [], "excluded_lines": [], "start_line": 81}, "SentenceChunker.__init__": {"executed_lines": [106, 107], "summary": {"covered_lines": 2, "num_statements": 2, "percent_covered": 100.0, "percent_covered_display": "100", "missing_lines": 0, "excluded_lines": 0, "percent_statements_covered": 100.0, "percent_statements_covered_display": "100"}, "missing_lines": [], "excluded_lines": [], "start_line": 105}, "SentenceChunker._ensure_nltk": {"executed_lines": [110, 111, 113, 114, 115, 118, 119], "summary": {"covered_lines": 7, "num_statements": 13, "percent_covered": 53.84615384615385, "percent_covered_display": "54", "missing_lines": 6, "excluded_lines": 0, "percent_statements_covered": 53.84615384615385, "percent_statements_covered_display": "54"}, "missing_lines": [116, 117, 120, 121, 122, 123], "excluded_lines": [], "start_line": 109}, "SentenceChunker.split": {"executed_lines": [133, 134, 136, 138, 139, 140, 142, 143, 144, 145, 146, 148, 149, 150, 152, 153, 155], "summary": {"covered_lines": 17, "num_statements": 17, "percent_covered": 100.0, "percent_covered_display": "100", "missing_lines": 0, "excluded_lines": 0, "percent_statements_covered": 100.0, "percent_statements_covered_display": "100"}, "missing_lines": [], "excluded_lines": [], "start_line": 128}, "SentenceChunker.split_with_metadata": {"executed_lines": [159], "summary": {"covered_lines": 1, "num_statements": 1, "percent_covered": 100.0, "percent_covered_display": "100", "missing_lines": 0, "excluded_lines": 0, "percent_statements_covered": 100.0, "percent_statements_covered_display": "100"}, "missing_lines": [], "excluded_lines": [], "start_line": 157}, "": {"executed_lines": [2, 4, 5, 8, 9, 10, 11, 13, 16, 25, 27, 30, 41, 69, 80, 81, 85, 86, 89, 90, 91, 92, 95, 105, 109, 128, 157], "summary": {"covered_lines": 27, "num_statements": 27, "percent_covered": 100.0, "percent_covered_display": "100", "missing_lines": 0, "excluded_lines": 0, "percent_statements_covered": 100.0, "percent_statements_covered_display": "100"}, "missing_lines": [], "excluded_lines": [], "start_line": 1}}, "classes": {"ChunkingConfig": {"executed_lines": [], "summary": {"covered_lines": 0, "num_statements": 0, "percent_covered": 100.0, "percent_covered_display": "100", "missing_lines": 0, "excluded_lines": 0, "percent_statements_covered": 100.0, "percent_statements_covered_display": "100"}, "missing_lines": [], "excluded_lines": [], "start_line": 9}, "TextChunker": {"executed_lines": [28, 32, 33, 35, 36, 37, 42, 43, 44, 46, 47, 48, 49, 51, 54, 55, 58, 59, 60, 62, 63, 65, 70, 71, 73, 82], "summary": {"covered_lines": 26, "num_statements": 28, "percent_covered": 92.85714285714286, "percent_covered_display": "93", "missing_lines": 2, "excluded_lines": 0, "percent_statements_covered": 92.85714285714286, "percent_statements_covered_display": "93"}, "missing_lines": [52, 72], "excluded_lines": [], "start_line": 16}, "SentenceChunkingConfig": {"executed_lines": [], "summary": {"covered_lines": 0, "num_statements": 0, "percent_covered": 100.0, "percent_covered_display": "100", "missing_lines": 0, "excluded_lines": 0, "percent_statements_covered": 100.0, "percent_statements_covered_display": "100"}, "missing_lines": [], "excluded_lines": [], "start_line": 86}, "SentenceChunker": {"executed_lines": [106, 107, 110, 111, 113, 114, 115, 118, 119, 133, 134, 136, 138, 139, 140, 142, 143, 144, 145, 146, 148, 149, 150, 152, 153, 155, 159], "summary": {"covered_lines": 27, "num_statements": 33, "percent_covered": 81.81818181818181, "percent_covered_display": "82", "missing_lines": 6, "excluded_lines": 0, "percent_statements_covered": 81.81818181818181, "percent_statements_covered_display": "82"}, "missing_lines": [116, 117, 120, 121, 122, 123], "excluded_lines": [], "start_line": 95}, "": {"executed_lines": [2, 4, 5, 8, 9, 10, 11, 13, 16, 25, 27, 30, 41, 69, 80, 81, 85, 86, 89, 90, 91, 92, 95, 105, 109, 128, 157], "summary": {"covered_lines": 27, "num_statements": 27, "percent_covered": 100.0, "percent_covered_display": "100", "missing_lines": 0, "excluded_lines": 0, "percent_statements_covered": 100.0, "percent_statements_covered_display": "100"}, "missing_lines": [], "excluded_lines": [], "start_line": 1}}}, "src/processing/pdf_extractor.py": {"executed_lines": [2, 4, 5, 6, 8, 11, 19, 20, 21, 22, 26, 36, 37, 38, 41, 42, 43, 44, 45, 48, 49, 50, 52, 54, 55, 56, 57, 59, 66, 67, 68, 69, 70, 71, 72, 74, 76, 80, 81, 82, 83, 84, 85, 90, 91, 92, 93, 94, 95, 97, 98, 100, 101, 102, 103, 107, 108, 109, 110, 111, 112, 113, 117, 118, 119, 120, 122, 123, 124, 125, 127, 128, 129, 130, 131, 133, 134, 135, 136, 137], "summary": {"covered_lines": 80, "num_statements": 82, "percent_covered": 97.5609756097561, "percent_covered_display": "98", "missing_lines": 2, "excluded_lines": 0, "percent_statements_covered": 97.5609756097561, "percent_statements_covered_display": "98"}, "missing_lines": [104, 105], "excluded_lines": [], "functions": {"PDFExtractor.__init__": {"executed_lines": [20, 21, 22], "summary": {"covered_lines": 3, "num_statements": 3, "percent_covered": 100.0, "percent_covered_display": "100", "missing_lines": 0, "excluded_lines": 0, "percent_statements_covered": 100.0, "percent_statements_covered_display": "100"}, "missing_lines": [], "excluded_lines": [], "start_line": 19}, "PDFExtractor.extract": {"executed_lines": [36, 37, 38, 41, 42, 43, 44, 45, 48, 49, 50], "summary": {"covered_lines": 11, "num_statements": 11, "percent_covered": 100.0, "percent_covered_display": "100", "missing_lines": 0, "excluded_lines": 0, "percent_statements_covered": 100.0, "percent_statements_covered_display": "100"}, "missing_lines": [], "excluded_lines": [], "start_line": 26}, "PDFExtractor.extract_pages": {"executed_lines": [54, 55, 56, 57], "summary": {"covered_lines": 4, "num_statements": 4, "percent_covered": 100.0, "percent_covered_display": "100", "missing_lines": 0, "excluded_lines": 0, "percent_statements_covered": 100.0, "percent_statements_covered_display": "100"}, "missing_lines": [], "excluded_lines": [], "start_line": 52}, "PDFExtractor.extract_to_file": {"executed_lines": [66, 67, 68, 69, 70, 71, 72], "summary": {"covered_lines": 7, "num_statements": 7, "percent_covered": 100.0, "percent_covered_display": "100", "missing_lines": 0, "excluded_lines": 0, "percent_statements_covered": 100.0, "percent_statements_covered_display": "100"}, "missing_lines": [], "excluded_lines": [], "start_line": 59}, "PDFExtractor.preview": {"executed_lines": [76], "summary": {"covered_lines": 1, "num_statements": 1, "percent_covered": 100.0, "percent_covered_display": "100", "missing_lines": 0, "excluded_lines": 0, "percent_statements_covered": 100.0, "percent_statements_covered_display": "100"}, "missing_lines": [], "excluded_lines": [], "start_line": 74}, "PDFExtractor._extract_with_pdfplumber": {"executed_lines": [82, 83, 84, 85, 90, 91, 92, 93, 94, 95, 97, 98], "summary": {"covered_lines": 12, "num_statements": 12, "percent_covered": 100.0, "percent_covered_display": "100", "missing_lines": 0, "excluded_lines": 0, "percent_statements_covered": 100.0, "percent_statements_covered_display": "100"}, "missing_lines": [], "excluded_lines": [], "start_line": 81}, "PDFExtractor._extract_pages_with_pdfplumber": {"executed_lines": [102, 103, 107, 108, 109, 110, 111, 112, 113], "summary": {"covered_lines": 9, "num_statements": 11, "percent_covered": 81.81818181818181, "percent_covered_display": "82", "missing_lines": 2, "excluded_lines": 0, "percent_statements_covered": 81.81818181818181, "percent_statements_covered_display": "82"}, "missing_lines": [104, 105], "excluded_lines": [], "start_line": 101}, "PDFExtractor._cache_key": {"executed_lines": [119, 120], "summary": {"covered_lines": 2, "num_statements": 2, "percent_covered": 100.0, "percent_covered_display": "100", "missing_lines": 0, "excluded_lines": 0, "percent_statements_covered": 100.0, "percent_statements_covered_display": "100"}, "missing_lines": [], "excluded_lines": [], "start_line": 118}, "PDFExtractor._cache_path": {"executed_lines": [123, 124, 125], "summary": {"covered_lines": 3, "num_statements": 3, "percent_covered": 100.0, "percent_covered_display": "100", "missing_lines": 0, "excluded_lines": 0, "percent_statements_covered": 100.0, "percent_statements_covered_display": "100"}, "missing_lines": [], "excluded_lines": [], "start_line": 122}, "PDFExtractor._load_cache": {"executed_lines": [128, 129, 130, 131], "summary": {"covered_lines": 4, "num_statements": 4, "percent_covered": 100.0, "percent_covered_display": "100", "missing_lines": 0, "excluded_lines": 0, "percent_statements_covered": 100.0, "percent_statements_covered_display": "100"}, "missing_lines": [], "excluded_lines": [], "start_line": 127}, "PDFExtractor._save_cache": {"executed_lines": [134, 135, 136, 137], "summary": {"covered_lines": 4, "num_statements": 4, "percent_covered": 100.0, "percent_covered_display": "100", "missing_lines": 0, "excluded_lines": 0, "percent_statements_covered": 100.0, "percent_statements_covered_display": "100"}, "missing_lines": [], "excluded_lines": [], "start_line": 133}, "": {"executed_lines": [2, 4, 5, 6, 8, 11, 19, 26, 52, 59, 74, 80, 81, 100, 101, 117, 118, 122, 127, 133], "summary": {"covered_lines": 20, "num_statements": 20, "percent_covered": 100.0, "percent_covered_display": "100", "missing_lines": 0, "excluded_lines": 0, "percent_statements_covered": 100.0, "percent_statements_covered_display": "100"}, "missing_lines": [], "excluded_lines": [], "start_line": 1}}, "classes": {"PDFExtractor": {"executed_lines": [20, 21, 22, 36, 37, 38, 41, 42, 43, 44, 45, 48, 49, 50, 54, 55, 56, 57, 66, 67, 68, 69, 70, 71, 72, 76, 82, 83, 84, 85, 90, 91, 92, 93, 94, 95, 97, 98, 102, 103, 107, 108, 109, 110, 111, 112, 113, 119, 120, 123, 124, 125, 128, 129, 130, 131, 134, 135, 136, 137], "summary": {"covered_lines": 60, "num_statements": 62, "percent_covered": 96.7741935483871, "percent_covered_display": "97", "missing_lines": 2, "excluded_lines": 0, "percent_statements_covered": 96.7741935483871, "percent_statements_covered_display": "97"}, "missing_lines": [104, 105], "excluded_lines": [], "start_line": 11}, "": {"executed_lines": [2, 4, 5, 6, 8, 11, 19, 26, 52, 59, 74, 80, 81, 100, 101, 117, 118, 122, 127, 133], "summary": {"covered_lines": 20, "num_statements": 20, "percent_covered": 100.0, "percent_covered_display": "100", "missing_lines": 0, "excluded_lines": 0, "percent_statements_covered": 100.0, "percent_statements_covered_display": "100"}, "missing_lines": [], "excluded_lines": [], "start_line": 1}}}, "src/processing/preprocessing.py": {"executed_lines": [2, 4, 5, 8, 10, 13, 15, 20, 22, 25, 27, 30, 32, 35, 40, 41, 44, 56, 66, 68, 69, 70, 71, 72, 73, 74, 75, 76, 77, 78, 79, 80, 81, 83, 85, 86, 87, 88, 90], "summary": {"covered_lines": 39, "num_statements": 40, "percent_covered": 97.5, "percent_covered_display": "98", "missing_lines": 1, "excluded_lines": 0, "percent_statements_covered": 97.5, "percent_statements_covered_display": "98"}, "missing_lines": [92], "excluded_lines": [], "functions": {"normalize_whitespace": {"executed_lines": [10], "summary": {"covered_lines": 1, "num_statements": 1, "percent_covered": 100.0, "percent_covered_display": "100", "missing_lines": 0, "excluded_lines": 0, "percent_statements_covered": 100.0, "percent_statements_covered_display": "100"}, "missing_lines": [], "excluded_lines": [], "start_line": 8}, "remove_control_characters": {"executed_lines": [15], "summary": {"covered_lines": 1, "num_statements": 1, "percent_covered": 100.0, "percent_covered_display": "100", "missing_lines": 0, "excluded_lines": 0, "percent_statements_covered": 100.0, "percent_statements_covered_display": "100"}, "missing_lines": [], "excluded_lines": [], "start_line": 13}, "normalize_unicode": {"executed_lines": [22], "summary": {"covered_lines": 1, "num_statements": 1, "percent_covered": 100.0, "percent_covered_display": "100", "missing_lines": 0, "excluded_lines": 0, "percent_statements_covered": 100.0, "percent_statements_covered_display": "100"}, "missing_lines": [], "excluded_lines": [], "start_line": 20}, "remove_urls": {"executed_lines": [27], "summary": {"covered_lines": 1, "num_statements": 1, "percent_covered": 100.0, "percent_covered_display": "100", "missing_lines": 0, "excluded_lines": 0, "percent_statements_covered": 100.0, "percent_statements_covered_display": "100"}, "missing_lines": [], "excluded_lines": [], "start_line": 25}, "remove_html_tags": {"executed_lines": [32], "summary": {"covered_lines": 1, "num_statements": 1, "percent_covered": 100.0, "percent_covered_display": "100", "missing_lines": 0, "excluded_lines": 0, "percent_statements_covered": 100.0, "percent_statements_covered_display": "100"}, "missing_lines": [], "excluded_lines": [], "start_line": 30}, "truncate_repeated_chars": {"executed_lines": [40, 41], "summary": {"covered_lines": 2, "num_statements": 2, "percent_covered": 100.0, "percent_covered_display": "100", "missing_lines": 0, "excluded_lines": 0, "percent_statements_covered": 100.0, "percent_statements_covered_display": "100"}, "missing_lines": [], "excluded_lines": [], "start_line": 35}, "TextPreprocessor.__init__": {"executed_lines": [66, 68, 69, 70, 71, 72, 73, 74, 75, 76, 77, 78, 79, 80, 81], "summary": {"covered_lines": 15, "num_statements": 15, "percent_covered": 100.0, "percent_covered_display": "100", "missing_lines": 0, "excluded_lines": 0, "percent_statements_covered": 100.0, "percent_statements_covered_display": "100"}, "missing_lines": [], "excluded_lines": [], "start_line": 56}, "TextPreprocessor.process": {"executed_lines": [85, 86, 87, 88], "summary": {"covered_lines": 4, "num_statements": 4, "percent_covered": 100.0, "percent_covered_display": "100", "missing_lines": 0, "excluded_lines": 0, "percent_statements_covered": 100.0, "percent_statements_covered_display": "100"}, "missing_lines": [], "excluded_lines": [], "start_line": 83}, "TextPreprocessor.process_batch": {"executed_lines": [], "summary": {"covered_lines": 0, "num_statements": 1, "percent_covered": 0.0, "percent_covered_display": "0", "missing_lines": 1, "excluded_lines": 0, "percent_statements_covered": 0.0, "percent_statements_covered_display": "0"}, "missing_lines": [92], "excluded_lines": [], "start_line": 90}, "": {"executed_lines": [2, 4, 5, 8, 13, 20, 25, 30, 35, 44, 56, 83, 90], "summary": {"covered_lines": 13, "num_statements": 13, "percent_covered": 100.0, "percent_covered_display": "100", "missing_lines": 0, "excluded_lines": 0, "percent_statements_covered": 100.0, "percent_statements_covered_display": "100"}, "missing_lines": [], "excluded_lines": [], "start_line": 1}}, "classes": {"TextPreprocessor": {"executed_lines": [66, 68, 69, 70, 71, 72, 73, 74, 75, 76, 77, 78, 79, 80, 81, 85, 86, 87, 88], "summary": {"covered_lines": 19, "num_statements": 20, "percent_covered": 95.0, "percent_covered_display": "95", "missing_lines": 1, "excluded_lines": 0, "percent_statements_covered": 95.0, "percent_statements_covered_display": "95"}, "missing_lines": [92], "excluded_lines": [], "start_line": 44}, "": {"executed_lines": [2, 4, 5, 8, 10, 13, 15, 20, 22, 25, 27, 30, 32, 35, 40, 41, 44, 56, 83, 90], "summary": {"covered_lines": 20, "num_statements": 20, "percent_covered": 100.0, "percent_covered_display": "100", "missing_lines": 0, "excluded_lines": 0, "percent_statements_covered": 100.0, "percent_statements_covered_display": "100"}, "missing_lines": [], "excluded_lines": [], "start_line": 1}}}, "src/processing/tokenizer.py": {"executed_lines": [2, 4, 6, 9, 12, 19, 20, 21, 22, 24, 25, 26, 28, 29, 38, 40, 41, 42, 44, 49, 50, 51, 52, 53, 56, 57, 59, 61, 63, 65, 66, 67, 68, 69, 70, 73, 74], "summary": {"covered_lines": 37, "num_statements": 39, "percent_covered": 94.87179487179488, "percent_covered_display": "95", "missing_lines": 2, "excluded_lines": 0, "percent_statements_covered": 94.87179487179488, "percent_statements_covered_display": "95"}, "missing_lines": [30, 31], "exclu
[...]
y": "100"}, "missing_lines": [], "excluded_lines": [], "start_line": 1}}}, "src/rag/embedder.py": {"executed_lines": [2, 4, 5, 7, 10, 18, 25, 26, 27, 28, 29, 33, 34, 38, 40, 54, 56, 58, 60, 61, 63, 64, 65, 66, 67, 68, 70, 72, 73, 74, 75, 76, 78, 82, 84, 86, 88, 89], "summary": {"covered_lines": 38, "num_statements": 49, "percent_covered": 77.55102040816327, "percent_covered_display": "78", "missing_lines": 11, "excluded_lines": 0, "percent_statements_covered": 77.55102040816327, "percent_statements_covered_display": "78"}, "missing_lines": [35, 37, 41, 42, 43, 44, 45, 49, 50, 79, 80], "excluded_lines": [], "functions": {"Embedder.__init__": {"executed_lines": [25, 26, 27, 28, 29], "summary": {"covered_lines": 5, "num_statements": 5, "percent_covered": 100.0, "percent_covered_display": "100", "missing_lines": 0, "excluded_lines": 0, "percent_statements_covered": 100.0, "percent_statements_covered_display": "100"}, "missing_lines": [], "excluded_lines": [], "start_line": 18}, "Embedder._get_openai_client": {"executed_lines": [34, 38], "summary": {"covered_lines": 2, "num_statements": 4, "percent_covered": 50.0, "percent_covered_display": "50", "missing_lines": 2, "excluded_lines": 0, "percent_statements_covered": 50.0, "percent_statements_covered_display": "50"}, "missing_lines": [35, 37], "excluded_lines": [], "start_line": 33}, "Embedder._get_hf_model": {"executed_lines": [], "summary": {"covered_lines": 0, "num_statements": 7, "percent_covered": 0.0, "percent_covered_display": "0", "missing_lines": 7, "excluded_lines": 0, "percent_statements_covered": 0.0, "percent_statements_covered_display": "0"}, "missing_lines": [41, 42, 43, 44, 45, 49, 50], "excluded_lines": [], "start_line": 40}, "Embedder.embed": {"executed_lines": [56], "summary": {"covered_lines": 1, "num_statements": 1, "percent_covered": 100.0, "percent_covered_display": "100", "missing_lines": 0, "excluded_lines": 0, "percent_statements_covered": 100.0, "percent_statements_covered_display": "100"}, "missing_lines": [], "excluded_lines": [], "start_line": 54}, "Embedder.embed_batch": {"executed_lines": [60, 61, 63, 64, 65, 66, 67, 68, 70], "summary": {"covered_lines": 9, "num_statements": 9, "percent_covered": 100.0, "percent_covered_display": "100", "missing_lines": 0, "excluded_lines": 0, "percent_statements_covered": 100.0, "percent_statements_covered_display": "100"}, "missing_lines": [], "excluded_lines": [], "start_line": 58}, "Embedder._embed_batch_impl": {"executed_lines": [73, 74, 75, 76, 78, 82], "summary": {"covered_lines": 6, "num_statements": 8, "percent_covered": 75.0, "percent_covered_display": "75", "missing_lines": 2, "excluded_lines": 0, "percent_statements_covered": 75.0, "percent_statements_covered_display": "75"}, "missing_lines": [79, 80], "excluded_lines": [], "start_line": 72}, "Embedder.aembed_batch": {"executed_lines": [86, 88, 89], "summary": {"covered_lines": 3, "num_statements": 3, "percent_covered": 100.0, "percent_covered_display": "100", "missing_lines": 0, "excluded_lines": 0, "percent_statements_covered": 100.0, "percent_statements_covered_display": "100"}, "missing_lines": [], "excluded_lines": [], "start_line": 84}, "": {"executed_lines": [2, 4, 5, 7, 10, 18, 33, 40, 54, 58, 72, 84], "summary": {"covered_lines": 12, "num_statements": 12, "percent_covered": 100.0, "percent_covered_display": "100", "missing_lines": 0, "excluded_lines": 0, "percent_statements_covered": 100.0, "percent_statements_covered_display": "100"}, "missing_lines": [], "excluded_lines": [], "start_line": 1}}, "classes": {"Embedder": {"executed_lines": [25, 26, 27, 28, 29, 34, 38, 56, 60, 61, 63, 64, 65, 66, 67, 68, 70, 73, 74, 75, 76, 78, 82, 86, 88, 89], "summary": {"covered_lines": 26, "num_statements": 37, "percent_covered": 70.27027027027027, "percent_covered_display": "70", "missing_lines": 11, "excluded_lines": 0, "percent_statements_covered": 70.27027027027027, "percent_statements_covered_display": "70"}, "missing_lines": [35, 37, 41, 42, 43, 44, 45, 49, 50, 79, 80], "excluded_lines": [], "start_line": 10}, "": {"executed_lines": [2, 4, 5, 7, 10, 18, 33, 40, 54, 58, 72, 84], "summary": {"covered_lines": 12, "num_statements": 12, "percent_covered": 100.0, "percent_covered_display": "100", "missing_lines": 0, "excluded_lines": 0, "percent_statements_covered": 100.0, "percent_statements_covered_display": "100"}, "missing_lines": [], "excluded_lines": [], "start_line": 1}}}, "src/rag/indexer.py": {"executed_lines": [2, 4, 5, 6, 7, 8, 10, 11, 12, 14, 17, 20, 22, 23, 26, 35, 42, 43, 44, 45, 49, 51, 52, 53, 54, 55, 57, 59, 60, 61, 63, 64, 66, 77, 78, 79, 81, 82, 83, 84, 85, 86, 87, 89, 90, 94, 95, 104, 105, 106, 107, 108, 109], "summary": {"covered_lines": 53, "num_statements": 53, "percent_covered": 100.0, "percent_covered_display": "100", "missing_lines": 0, "excluded_lines": 0, "percent_statements_covered": 100.0, "percent_statements_covered_display": "100"}, "missing_lines": [], "excluded_lines": [], "functions": {"_doc_id": {"executed_lines": [22, 23], "summary": {"covered_lines": 2, "num_statements": 2, "percent_covered": 100.0, "percent_covered_display": "100", "missing_lines": 0, "excluded_lines": 0, "percent_statements_covered": 100.0, "percent_statements_covered_display": "100"}, "missing_lines": [], "excluded_lines": [], "start_line": 20}, "Indexer.__init__": {"executed_lines": [42, 43, 44, 45], "summary": {"covered_lines": 4, "num_statements": 4, "percent_covered": 100.0, "percent_covered_display": "100", "missing_lines": 0, "excluded_lines": 0, "percent_statements_covered": 100.0, "percent_statements_covered_display": "100"}, "missing_lines": [], "excluded_lines": [], "start_line": 35}, "Indexer.index_text": {"executed_lines": [51, 52, 53, 54, 55], "summary": {"covered_lines": 5, "num_statements": 5, "percent_covered": 100.0, "percent_covered_display": "100", "missing_lines": 0, "excluded_lines": 0, "percent_statements_covered": 100.0, "percent_statements_covered_display": "100"}, "missing_lines": [], "excluded_lines": [], "start_line": 49}, "Indexer.index_file": {"executed_lines": [59, 60, 61, 63, 64], "summary": {"covered_lines": 5, "num_statements": 5, "percent_covered": 100.0, "percent_covered_display": "100", "missing_lines": 0, "excluded_lines": 0, "percent_statements_covered": 100.0, "percent_statements_covered_display": "100"}, "missing_lines": [], "excluded_lines": [], "start_line": 57}, "Indexer.index_directory": {"executed_lines": [77, 78, 79, 81, 82, 83, 84, 85, 86, 87, 89, 90], "summary": {"covered_lines": 12, "num_statements": 12, "percent_covered": 100.0, "percent_covered_display": "100", "missing_lines": 0, "excluded_lines": 0, "percent_statements_covered": 100.0, "percent_statements_covered_display": "100"}, "missing_lines": [], "excluded_lines": [], "start_line": 66}, "Indexer._chunks_to_documents": {"executed_lines": [95], "summary": {"covered_lines": 1, "num_statements": 1, "percent_covered": 100.0, "percent_covered_display": "100", "missing_lines": 0, "excluded_lines": 0, "percent_statements_covered": 100.0, "percent_statements_covered_display": "100"}, "missing_lines": [], "excluded_lines": [], "start_line": 94}, "Indexer._embed_and_upsert": {"executed_lines": [105, 106, 107, 108, 109], "summary": {"covered_lines": 5, "num_statements": 5, "percent_covered": 100.0, "percent_covered_display": "100", "missing_lines": 0, "excluded_lines": 0, "percent_statements_covered": 100.0, "percent_statements_covered_display": "100"}, "missing_lines": [], "excluded_lines": [], "start_line": 104}, "": {"executed_lines": [2, 4, 5, 6, 7, 8, 10, 11, 12, 14, 17, 20, 26, 35, 49, 57, 66, 94, 104], "summary": {"covered_lines": 19, "num_statements": 19, "percent_covered": 100.0, "percent_covered_display": "100", "missing_lines": 0, "excluded_lines": 0, "percent_statements_covered": 100.0, "percent_statements_covered_display": "100"}, "missing_lines": [], "excluded_lines": [], "start_line": 1}}, "classes": {"Indexer": {"executed_lines": [42, 43, 44, 45, 51, 52, 53, 54, 55, 59, 60, 61, 63, 64, 77, 78, 79, 81, 82, 83, 84, 85, 86, 87, 89, 90, 95, 105, 106, 107, 108, 109], "summary": {"covered_lines": 32, "num_statements": 32, "percent_covered": 100.0, "percent_covered_display": "100", "missing_lines": 0, "excluded_lines": 0, "percent_statements_covered": 100.0, "percent_statements_covered_display": "100"}, "missing_lines": [], "excluded_lines": [], "start_line": 26}, "": {"executed_lines": [2, 4, 5, 6, 7, 8, 10, 11, 12, 14, 17, 20, 22, 23, 26, 35, 49, 57, 66, 94, 104], "summary": {"covered_lines": 21, "num_statements": 21, "percent_covered": 100.0, "percent_covered_display": "100", "missing_lines": 0, "excluded_lines": 0, "percent_statements_covered": 100.0, "percent_statements_covered_display": "100"}, "missing_lines": [], "excluded_lines": [], "start_line": 1}}}, "src/rag/retriever.py": {"executed_lines": [2, 4, 5, 7, 8, 10, 13, 14, 15, 16, 17, 20, 26, 32, 33, 34, 36, 46, 47, 49, 50, 52, 53, 59, 60, 61, 63, 65, 67, 69, 71, 73, 74], "summary": {"covered_lines": 33, "num_statements": 33, "percent_covered": 100.0, "percent_covered_display": "100", "missing_lines": 0, "excluded_lines": 0, "percent_statements_covered": 100.0, "percent_statements_covered_display": "100"}, "missing_lines": [], "excluded_lines": [], "functions": {"Retriever.__init__": {"executed_lines": [32, 33, 34], "summary": {"covered_lines": 3, "num_statements": 3, "percent_covered": 100.0, "percent_covered_display": "100", "missing_lines": 0, "excluded_lines": 0, "percent_statements_covered": 100.0, "percent_statements_covered_display": "100"}, "missing_lines": [], "excluded_lines": [], "start_line": 26}, "Retriever.retrieve": {"executed_lines": [46, 47, 49, 50, 52, 53, 59, 60, 61, 63], "summary": {"covered_lines": 10, "num_statements": 10, "percent_covered": 100.0, "percent_covered_display": "100", "missing_lines": 0, "excluded_lines": 0, "percent_statements_covered": 100.0, "percent_statements_covered_display": "100"}, "missing_lines": [], "excluded_lines": [], "start_line": 36}, "Retriever.retrieve_texts": {"executed_lines": [67], "summary": {"covered_lines": 1, "num_statements": 1, "percent_covered": 100.0, "percent_covered_display": "100", "missing_lines": 0, "excluded_lines": 0, "percent_statements_covered": 100.0, "percent_statements_covered_display": "100"}, "missing_lines": [], "excluded_lines": [], "start_line": 65}, "Retriever.aretrieve": {"executed_lines": [71, 73, 74], "summary": {"covered_lines": 3, "num_statements": 3, "percent_covered": 100.0, "percent_covered_display": "100", "missing_lines": 0, "excluded_lines": 0, "percent_statements_covered": 100.0, "percent_statements_covered_display": "100"}, "missing_lines": [], "excluded_lines": [], "start_line": 69}, "": {"executed_lines": [2, 4, 5, 7, 8, 10, 13, 14, 15, 16, 17, 20, 26, 36, 65, 69], "summary": {"covered_lines": 16, "num_statements": 16, "percent_covered": 100.0, "percent_covered_display": "100", "missing_lines": 0, "excluded_lines": 0, "percent_statements_covered": 100.0, "percent_statements_covered_display": "100"}, "missing_lines": [], "excluded_lines": [], "start_line": 1}}, "classes": {"RetrievalConfig": {"executed_lines": [], "summary": {"covered_lines": 0, "num_statements": 0, "percent_covered": 100.0, "percent_covered_display": "100", "missing_lines": 0, "excluded_lines": 0, "percent_statements_covered": 100.0, "percent_statements_covered_display": "100"}, "missing_lines": [], "excluded_lines": [], "start_line": 14}, "Retriever": {"executed_lines": [32, 33, 34, 46, 47, 49, 50, 52, 53, 59, 60, 61, 63, 67, 71, 73, 74], "summary": {"covered_lines": 17, "num_statements": 17, "percent_covered": 100.0, "percent_covered_display": "100", "missing_lines": 0, "excluded_lines": 0, "percent_statements_covered": 100.0, "percent_statements_covered_display": "100"}, "missing_lines": [], "excluded_lines": [], "start_line": 20}, "": {"executed_lines": [2, 4, 5, 7, 8, 10, 13, 14, 15, 16, 17, 20, 26, 36, 65, 69], "summary": {"covered_lines": 16, "num_statements": 16, "percent_covered": 100.0, "percent_covered_display": "100", "missing_lines": 0, "excluded_lines": 0, "percent_statements_covered": 100.0, "percent_statements_covered_display": "100"}, "missing_lines": [], "excluded_lines": [], "start_line": 1}}}, "src/rag/vector_store.py": {"executed_lines": [2, 4, 5, 6, 8, 11, 12, 15, 16, 17, 18, 21, 22, 25, 26, 29, 35, 42, 43, 44, 45, 46, 50, 51, 52, 54, 55, 56, 59, 61, 63, 64, 65, 66, 67, 71, 72, 76, 77, 79, 80, 81, 82, 83, 91, 93, 94, 96, 97, 106, 113, 114, 116, 117, 123, 125, 126, 127, 128, 130, 132, 133, 134, 135, 136, 141, 142, 147, 148, 150, 151, 152, 153, 158, 159, 160, 164, 165, 167, 168, 169, 170, 182, 183, 185, 186], "summary": {"covered_lines": 86, "num_statements": 113, "percent_covered": 76.10619469026548, "percent_covered_display": "76", "missing_lines": 27, "excluded_lines": 0, "percent_statements_covered": 76.10619469026548, "percent_statements_covered_display": "76"}, "missing_lines": [57, 87, 103, 104, 118, 119, 121, 137, 172, 173, 174, 176, 177, 178, 179, 180, 188, 189, 190, 191, 193, 194, 195, 196, 197, 198, 199], "excluded_lines": [], "functions": {"VectorStore.__init__": {"executed_lines": [42, 43, 44, 45, 46], "summary": {"covered_lines": 5, "num_statements": 5, "percent_covered": 100.0, "percent_covered_display": "100", "missing_lines": 0, "excluded_lines": 0, "percent_statements_covered": 100.0, "percent_statements_covered_display": "100"}, "missing_lines": [], "excluded_lines": [], "start_line": 35}, "VectorStore._get_store": {"executed_lines": [51, 52, 54, 55, 56, 59, 61], "summary": {"covered_lines": 7, "num_statements": 8, "percent_covered": 87.5, "percent_covered_display": "88", "missing_lines": 1, "excluded_lines": 0, "percent_statements_covered": 87.5, "percent_statements_covered_display": "88"}, "missing_lines": [57], "excluded_lines": [], "start_line": 50}, "VectorStore._init_chroma": {"executed_lines": [64, 65, 66, 67, 71, 72, 76, 77], "summary": {"covered_lines": 8, "num_statements": 8, "percent_covered": 100.0, "percent_covered_display": "100", "missing_lines": 0, "excluded_lines": 0, "percent_statements_covered": 100.0, "percent_statements_covered_display": "100"}, "missing_lines": [], "excluded_lines": [], "start_line": 63}, "VectorStore._init_faiss": {"executed_lines": [80, 81, 82, 83], "summary": {"covered_lines": 4, "num_statements": 5, "percent_covered": 80.0, "percent_covered_display": "80", "missing_lines": 1, "excluded_lines": 0, "percent_statements_covered": 80.0, "percent_statements_covered_display": "80"}, "missing_lines": [87], "excluded_lines": [], "start_line": 79}, "VectorStore.upsert": {"executed_lines": [93, 94, 96, 97], "summary": {"covered_lines": 4, "num_statements": 6, "percent_covered": 66.66666666666667, "percent_covered_display": "67", "missing_lines": 2, "excluded_lines": 0, "percent_statements_covered": 66.66666666666667, "percent_statements_covered_display": "67"}, "missing_lines": [103, 104], "excluded_lines": [], "start_line": 91}, "VectorStore.search": {"executed_lines": [113, 114, 116, 117], "summary": {"covered_lines": 4, "num_statements": 7, "percent_covered": 57.142857142857146, "percent_covered_display": "57", "missing_lines": 3, "excluded_lines": 0, "percent_statements_covered": 57.142857142857146, "percent_statements_covered_display": "57"}, "missing_lines": [118, 119, 121], "excluded_lines": [], "start_line": 106}, "VectorStore.delete": {"executed_lines": [125, 126, 127, 128], "summary": {"covered_lines": 4, "num_statements": 4, "percent_covered": 100.0, "percent_covered_display": "100", "missing_lines": 0, "excluded_lines": 0, "percent_statements_covered": 100.0, "percent_statements_covered_display": "100"}, "missing_lines": [], "excluded_lines": [], "start_line": 123}, "VectorStore.count": {"executed_lines": [132, 133, 134, 135, 136], "summary": {"covered_lines": 5, "num_statements": 6, "percent_covered": 83.33333333333333, "percent_covered_display": "83", "missing_lines": 1, "excluded_lines": 0, "percent_statements_covered": 83.33333333333333, "percent_statements_covered_display": "83"}, "missing_lines": [137], "excluded_lines": [], "start_line": 130}, "VectorStore._chroma_search": {"executed_lines": [142, 147, 148, 150, 151, 152, 153, 158, 159, 160], "summary": {"covered_lines": 10, "num_statements": 10, "percent_covered": 100.0, "percent_covered_display": "100", "missing_lines": 0, "excluded_lines": 0, "percent_statements_covered": 100.0, "percent_statements_covered_display": "100"}, "missing_lines": [], "excluded_lines": [], "start_line": 141}, "VectorStore._faiss_upsert": {"executed_lines": [165, 167, 168, 169, 170], "summary": {"covered_lines": 5, "num_statements": 13, "percent_covered": 38.46153846153846, "percent_covered_display": "38", "missing_lines": 8, "excluded_lines": 0, "percent_statements_covered": 38.46153846153846, "percent_statements_covered_display": "38"}, "missing_lines": [172, 173, 174, 176, 177, 178, 179, 180], "excluded_lines": [], "start_line": 164}, "VectorStore._faiss_search": {"executed_lines": [183, 185, 186], "summary": {"covered_lines": 3, "num_statements": 14, "percent_covered": 21.428571428571427, "percent_covered_display": "21", "missing_lines": 11, "excluded_lines": 0, "percent_statements_covered": 21.428571428571427, "percent_statements_covered_display": "21"}, "missing_lines": [188, 189, 190, 191, 193, 194, 195, 196, 197, 198, 199], "excluded_lines": [], "start_line": 182}, "": {"executed_lines": [2, 4, 5, 6, 8, 11, 12, 15, 16, 17, 18, 21, 22, 25, 26, 29, 35, 50, 63, 79, 91, 106, 123, 130, 141, 164, 182], "summary": {"covered_lines": 27, "num_statements": 27, "percent_covered": 100.0, "percent_covered_display": "100", "missing_lines": 0, "excluded_lines": 0, "percent_statements_covered": 100.0, "percent_statements_covered_display": "100"}, "missing_lines": [], "excluded_lines": [], "start_line": 1}}, "classes": {"Document": {"executed_lines": [], "summary": {"covered_lines": 0, "num_statements": 0, "percent_covered": 100.0, "percent_covered_display": "100", "missing_lines": 0, "excluded_lines": 0, "percent_statements_covered": 100.0, "percent_statements_covered_display": "100"}, "missing_lines": [], "excluded_lines": [], "start_line": 12}, "SearchResult": {"executed_lines": [], "summary": {"covered_lines": 0, "num_statements": 0, "percent_covered": 100.0, "percent_covered_display": "100", "missing_lines": 0, "excluded_lines": 0, "percent_statements_covered": 100.0, "percent_statements_covered_display": "100"}, "missing_lines": [], "excluded_lines": [], "start_line": 22}, "VectorStore": {"executed_lines": [42, 43, 44, 45, 46, 51, 52, 54, 55, 56, 59, 61, 64, 65, 66, 67, 71, 72, 76, 77, 80, 81, 82, 83, 93, 94, 96, 97, 113, 114, 116, 117, 125, 126, 127, 128, 132, 133, 134, 135, 136, 142, 147, 148, 150, 151, 152, 153, 158, 159, 160, 165, 167, 168, 169, 170, 183, 185, 186], "summary": {"covered_lines": 59, "num_statements": 86, "percent_covered": 68.6046511627907, "percent_covered_display": "69", "missing_lines": 27, "excluded_lines": 0, "percent_statements_covered": 68.6046511627907, "percent_statements_covered_display": "69"}, "missing_lines": [57, 87, 103, 104, 118, 119, 121, 137, 172, 173, 174, 176, 177, 178, 179, 180, 188, 189, 190, 191, 193, 194, 195, 196, 197, 198, 199], "excluded_lines": [], "start_line": 29}, "": {"executed_lines": [2, 4, 5, 6, 8, 11, 12, 15, 16, 17, 18, 21, 22, 25, 26, 29, 35, 50, 63, 79, 91, 106, 123, 130, 141, 164, 182], "summary": {"covered_lines": 27, "num_statements": 27, "percent_covered": 100.0, "percent_covered_display": "100", "missing_lines": 0, "excluded_lines": 0, "percent_statements_covered": 100.0, "percent_statements_covered_display": "100"}, "missing_lines": [], "excluded_lines": [], "start_line": 1}}}}, "totals": {"covered_lines": 1297, "num_statements": 1385, "percent_covered": 93.64620938628158, "percent_covered_display": "94", "missing_lines": 88, "excluded_lines": 2, "percent_statements_covered": 93.64620938628158, "percent_statements_covered_display": "94"}}